#
# A fatal error has been detected by the Java Runtime Environment:
#
#  EXCEPTION_ACCESS_VIOLATION (0xc0000005) at pc=0x00007fff6080d65a, pid=16440, tid=31944
#
# JRE version: Java(TM) SE Runtime Environment (17.0.2+8) (build 17.0.2+8-LTS-86)
# Java VM: Java HotSpot(TM) 64-Bit Server VM (17.0.2+8-LTS-86, mixed mode, sharing, tiered, compressed oops, compressed class ptrs, g1 gc, windows-amd64)
# Problematic frame:
# V  [jvm.dll+0x73d65a]
#
# No core dump will be written. Minidumps are not enabled by default on client versions of Windows
#
# If you would like to submit a bug report, please visit:
#   https://bugreport.java.com/bugreport/crash.jsp
#

---------------  S U M M A R Y ------------

Command Line: -XX:+ShowCodeDetailsInExceptionMessages -agentlib:jdwp=transport=dt_socket,suspend=y,address=localhost:62223 -ea -Dfile.encoding=Cp1252 org.testng.remote.RemoteTestNG -serport 62221 -protocol json -d D:\AutomationTestingWorkspace\sko-qa-automation\test-output D:\AutomationTestingWorkspace\sko-qa-automation\TestNG.xml

Host: 11th Gen Intel(R) Core(TM) i7-1165G7 @ 2.80GHz, 8 cores, 7G,  Windows 11 , 64 bit Build 22621 (10.0.22621.3958)
Time: Thu Oct  3 09:00:50 2024 India Standard Time elapsed time: 132.504718 seconds (0d 0h 2m 12s)

---------------  T H R E A D  ---------------

Current thread (0x000002855f6237b0):  JavaThread "JDWP Transport Listener: dt_socket" daemon [_thread_in_vm, id=31944, stack(0x000000ce90500000,0x000000ce90600000)]

Stack: [0x000000ce90500000,0x000000ce90600000],  sp=0x000000ce905ff920,  free space=1022k
Native frames: (J=compiled Java code, j=interpreted, Vv=VM code, C=native code)
V  [jvm.dll+0x73d65a]
V  [jvm.dll+0x504e0c]
V  [jvm.dll+0x4d0634]
C  [jdwp.dll+0x22e9f]


siginfo: EXCEPTION_ACCESS_VIOLATION (0xc0000005), reading address 0x00000000022e003e


Register to memory mapping:

RIP=0x00007fff6080d65a jvm.dll
RAX=0x000000000000022f is an unknown value
RBX=0x000002855f41bd91 points into unknown readable memory: 74 69 6f 6e 46 61 63
RCX=0x00000000022e003a is an unknown value
RDX=0x0000028561f07680 points into unknown readable memory: 0x6c61702f6d6f634c | 4c 63 6f 6d 2f 70 61 6c
RSP=0x000000ce905ff920 is pointing into the stack for thread: 0x000002855f6237b0
RBP=0x000002855f62e8e0 points into unknown readable memory: 0x0000000000000002 | 02 00 00 00 00 00 00 00
RSI=0x0 is NULL
RDI=0xffffffffffffffff is an unknown value
R8 =0x0000000000000213 is an unknown value
R9 =0x0000000000000040 is an unknown value
R10=0x0000000000000200 is an unknown value
R11=0x000000ce905ff940 is pointing into the stack for thread: 0x000002855f6237b0
R12=0x000000ce905ffa78 is pointing into the stack for thread: 0x000002855f6237b0
R13=0x0 is NULL
R14=0x0000000800e9b608 is a pointer to class: 
com.palm.regressionTesting.HeaderFooterInErrorScreenValidation {0x0000000800e9b610}
 - instance size:     4
 - klass size:        102
 - access:            public synchronized 
 - state:             fully_initialized
 - name:              'com/palm/regressionTesting/HeaderFooterInErrorScreenValidation'
 - super:             'java/lang/Object'
 - sub:               
 - arrays:            NULL
 - methods:           Array<T>(0x0000028562886f98)
 - method ordering:   Array<T>(0x0000028564684920)
 - default_methods:   Array<T>(0x0000000000000000)
 - local interfaces:  Array<T>(0x000002855f0a8f38)
 - trans. interfaces: Array<T>(0x000002855f0a8f38)
 - constants:         constant pool [565] {0x0000028564688008} for 'com/palm/regressionTesting/HeaderFooterInErrorScreenValidation' cache=0x0000028564687178
 - class loader data:  loader data: 0x000002855f5d5a50 for instance a 'jdk/internal/loader/ClassLoaders$AppClassLoader'{0x0000000084782268}
 - source file:       'HeaderFooterInErrorScreenValidation.java'
 - class annotations:       Array<T>(0x0000000000000000)
 - class type annotations:  Array<T>(0x0000000000000000)
 - field annotations:       Array<T>(0x0000000000000000)
 - field type annotations:  Array<T>(0x0000000000000000)
 - previous version:  constant pool [557] {0x000002856467b500} for 'com/palm/regressionTesting/HeaderFooterInErrorScreenValidation' (extra) cache=0x0000028564680000
 - generic signature: '
[error occurred during error reporting (printing register info), id 0xc0000005, EXCEPTION_ACCESS_VIOLATION (0xc0000005) at pc=0x00007fff6080e266]

Registers:
RAX=0x000000000000022f, RBX=0x000002855f41bd91, RCX=0x00000000022e003a, RDX=0x0000028561f07680
RSP=0x000000ce905ff920, RBP=0x000002855f62e8e0, RSI=0x0000000000000000, RDI=0xffffffffffffffff
R8 =0x0000000000000213, R9 =0x0000000000000040, R10=0x0000000000000200, R11=0x000000ce905ff940
R12=0x000000ce905ffa78, R13=0x0000000000000000, R14=0x0000000800e9b608, R15=0x000000ce905ffac8
RIP=0x00007fff6080d65a, EFLAGS=0x0000000000010202

Top of Stack: (sp=0x000000ce905ff920)
0x000000ce905ff920:   000000000000003e 0000000800e9b608
0x000000ce905ff930:   000002855f6237b0 0000000000000000
0x000000ce905ff940:   ffffffffffffffff 00007fff605d4e0c
0x000000ce905ff950:   000002855f41bd91 000002855f41bd50
0x000000ce905ff960:   000002855f62e8e0 0000028560482a40
0x000000ce905ff970:   000002855f41bd00 00000000000003d8
0x000000ce905ff980:   000002855f41bd10 000002855f41c0e8
0x000000ce905ff990:   0000000000000002 000000ce905ffa78
0x000000ce905ff9a0:   0000000000000000 0000000000000000
0x000000ce905ff9b0:   0000000087f03aa0 00007fff605a0634
0x000000ce905ff9c0:   000002855f6237b0 000000ce905ffac8
0x000000ce905ff9d0:   000002853e9be7a0 000000ce905ffac8
0x000000ce905ff9e0:   000002855f6237b0 0000000000000000
0x000000ce905ff9f0:   0000028500000000 0000000000000000
0x000000ce905ffa00:   000000000000000d 00007fff482f2e9f
0x000000ce905ffa10:   000000ce905ffac0 00007fff48301830 

Instructions: (pc=0x00007fff6080d65a)
0x00007fff6080d55a:   48 83 c4 20 5f e9 8c 75 96 ff cc cc cc cc cc cc
0x00007fff6080d56a:   cc cc cc cc cc cc 48 89 5c 24 08 57 48 83 ec 20
0x00007fff6080d57a:   83 fa 02 8d 42 06 b9 08 00 00 00 49 8b d8 0f 4e
0x00007fff6080d58a:   c1 48 63 c8 48 83 c1 07 83 e1 f8 48 63 f9 49 8b
0x00007fff6080d59a:   48 18 48 8b c7 48 f7 d0 48 3b c1 73 16 4c 8d 05
0x00007fff6080d5aa:   9a 52 17 00 48 8b d7 48 8b cb e8 97 d8 96 ff 48
0x00007fff6080d5ba:   8b 4b 18 48 8d 04 39 48 3b 43 20 76 18 45 33 c0
0x00007fff6080d5ca:   48 8b d7 48 8b cb 48 8b 5c 24 30 48 83 c4 20 5f
0x00007fff6080d5da:   e9 f1 d4 96 ff 48 89 43 18 48 8b c1 48 8b 5c 24
0x00007fff6080d5ea:   30 48 83 c4 20 5f c3 cc cc cc cc cc cc cc cc cc
0x00007fff6080d5fa:   cc cc cc cc cc cc 4c 8b d2 4c 8b d9 45 85 c0 7e
0x00007fff6080d60a:   3c 44 0f b7 49 04 41 8d 40 ff 41 3b c1 44 0f 4c
0x00007fff6080d61a:   c8 4d 63 c1 45 85 c9 7e 1f 48 8b c2 4c 2b da 49
0x00007fff6080d62a:   8b d0 0f 1f 40 00 41 0f b6 4c 03 06 88 08 48 8d
0x00007fff6080d63a:   40 01 48 83 ea 01 75 ee 43 c6 04 10 00 49 8b c2
0x00007fff6080d64a:   c3 cc cc cc cc cc 48 89 5c 24 08 57 48 83 ec 20
0x00007fff6080d65a:   0f b7 59 04 48 8b f9 33 d2 48 8d 4b 01 e8 44 96
0x00007fff6080d66a:   f8 ff 0f b7 57 04 4c 8b c0 3b da 0f 42 d3 44 8b
0x00007fff6080d67a:   ca 85 d2 74 39 48 2b f8 0f 1f 40 00 66 66 0f 1f
0x00007fff6080d68a:   84 00 00 00 00 00 0f b6 4c 07 06 88 08 48 ff c0
0x00007fff6080d69a:   48 8b c8 49 2b c8 49 3b c9 7c eb 42 c6 04 02 00
0x00007fff6080d6aa:   49 8b c0 48 8b 5c 24 30 48 83 c4 20 5f c3 48 8b
0x00007fff6080d6ba:   5c 24 30 c6 04 02 00 48 83 c4 20 5f c3 cc cc cc
0x00007fff6080d6ca:   cc cc cc cc cc cc 4c 8b d1 45 85 c0 7e 6c 44 0f
0x00007fff6080d6da:   b7 49 04 41 8d 40 ff 41 3b c1 44 0f 4c c8 4d 63
0x00007fff6080d6ea:   d9 45 85 c9 7e 22 48 8b ca 4c 2b d2 4d 8b c3 0f
0x00007fff6080d6fa:   1f 80 00 00 00 00 41 0f b6 44 0a 06 88 01 48 8d
0x00007fff6080d70a:   49 01 49 83 e8 01 75 ee 41 c6 04 13 00 48 c7 c0
0x00007fff6080d71a:   ff ff ff ff 66 90 48 ff c0 80 3c 02 00 75 f7 48
0x00007fff6080d72a:   63 c8 85 c0 48 8b c2 7e 14 80 38 2f 75 03 c6 00
0x00007fff6080d73a:   2e 48 ff c0 48 83 e9 01 75 ef 48 8b c2 c3 cc cc
0x00007fff6080d74a:   cc cc cc cc cc cc 48 83 ec 28 e8 f7 fe ff ff 4c 


Stack slot to memory mapping:
stack at sp + 0 slots: 0x000000000000003e is an unknown value
stack at sp + 1 slots: 0x0000000800e9b608 is a pointer to class: 
com.palm.regressionTesting.HeaderFooterInErrorScreenValidation {0x0000000800e9b610}
 - instance size:     4
 - klass size:        102
 - access:            public synchronized 
 - state:             fully_initialized
 - name:              'com/palm/regressionTesting/HeaderFooterInErrorScreenValidation'
 - super:             'java/lang/Object'
 - sub:               
 - arrays:            NULL
 - methods:           Array<T>(0x0000028562886f98)
 - method ordering:   Array<T>(0x0000028564684920)
 - default_methods:   Array<T>(0x0000000000000000)
 - local interfaces:  Array<T>(0x000002855f0a8f38)
 - trans. interfaces: Array<T>(0x000002855f0a8f38)
 - constants:         constant pool [565] {0x0000028564688008} for 'com/palm/regressionTesting/HeaderFooterInErrorScreenValidation' cache=0x0000028564687178
 - class loader data:  loader data: 0x000002855f5d5a50 for instance a 'jdk/internal/loader/ClassLoaders$AppClassLoader'{0x0000000084782268}
 - source file:       'HeaderFooterInErrorScreenValidation.java'
 - class annotations:       Array<T>(0x0000000000000000)
 - class type annotations:  Array<T>(0x0000000000000000)
 - field annotations:       Array<T>(0x0000000000000000)
 - field type annotations:  Array<T>(0x0000000000000000)
 - previous version:  constant pool [557] {0x000002856467b500} for 'com/palm/regressionTesting/HeaderFooterInErrorScreenValidation' (extra) cache=0x0000028564680000
 - generic signature: '
[error occurred during error reporting (inspecting top of stack), id 0xc0000005, EXCEPTION_ACCESS_VIOLATION (0xc0000005) at pc=0x00007fff6080e266]


---------------  P R O C E S S  ---------------

Threads class SMR info:
_java_thread_list=0x00000285603c91a0, length=17, elements={
0x000002853e9cf3b0, 0x000002855e879360, 0x000002855e879d10, 0x000002855e88d760,
0x000002855e88e110, 0x000002855e890ad0, 0x000002855e891480, 0x000002855e892620,
0x000002855e8fb5d0, 0x000002855e8fdaf0, 0x000002855f6237b0, 0x000002855f63c290,
0x000002855f63cfa0, 0x000002855f63e4a0, 0x000002855f64f9f0, 0x000002856030d450,
0x00000285608c5bd0
}

Java Threads: ( => current thread )
  0x000002853e9cf3b0 JavaThread "main" [_thread_blocked, id=13600, stack(0x000000ce8f400000,0x000000ce8f500000)]
  0x000002855e879360 JavaThread "Reference Handler" daemon [_thread_blocked, id=26444, stack(0x000000ce8fc00000,0x000000ce8fd00000)]
  0x000002855e879d10 JavaThread "Finalizer" daemon [_thread_blocked, id=12684, stack(0x000000ce8fd00000,0x000000ce8fe00000)]
  0x000002855e88d760 JavaThread "Signal Dispatcher" daemon [_thread_blocked, id=26004, stack(0x000000ce8fe00000,0x000000ce8ff00000)]
  0x000002855e88e110 JavaThread "Attach Listener" daemon [_thread_blocked, id=14784, stack(0x000000ce8ff00000,0x000000ce90000000)]
  0x000002855e890ad0 JavaThread "Service Thread" daemon [_thread_blocked, id=32456, stack(0x000000ce90000000,0x000000ce90100000)]
  0x000002855e891480 JavaThread "Monitor Deflation Thread" daemon [_thread_blocked, id=8176, stack(0x000000ce90100000,0x000000ce90200000)]
  0x000002855e892620 JavaThread "C2 CompilerThread0" daemon [_thread_blocked, id=22308, stack(0x000000ce90200000,0x000000ce90300000)]
  0x000002855e8fb5d0 JavaThread "C1 CompilerThread0" daemon [_thread_blocked, id=26148, stack(0x000000ce90300000,0x000000ce90400000)]
  0x000002855e8fdaf0 JavaThread "Sweeper thread" daemon [_thread_blocked, id=27372, stack(0x000000ce90400000,0x000000ce90500000)]
=>0x000002855f6237b0 JavaThread "JDWP Transport Listener: dt_socket" daemon [_thread_in_vm, id=31944, stack(0x000000ce90500000,0x000000ce90600000)]
  0x000002855f63c290 JavaThread "JDWP Event Helper Thread" daemon [_thread_blocked, id=15880, stack(0x000000ce90600000,0x000000ce90700000)]
  0x000002855f63cfa0 JavaThread "JDWP Command Reader" daemon [_thread_in_native, id=27208, stack(0x000000ce90700000,0x000000ce90800000)]
  0x000002855f63e4a0 JavaThread "Notification Thread" daemon [_thread_blocked, id=13708, stack(0x000000ce90800000,0x000000ce90900000)]
  0x000002855f64f9f0 JavaThread "Common-Cleaner" daemon [_thread_blocked, id=16624, stack(0x000000ce90a00000,0x000000ce90b00000)]
  0x000002856030d450 JavaThread "ReaderThread" [_thread_in_native, id=20040, stack(0x000000ce90d00000,0x000000ce90e00000)]
  0x00000285608c5bd0 JavaThread "pool-1-thread-1" [_thread_blocked, id=5808, stack(0x000000ce91700000,0x000000ce91800000)]

Other Threads:
  0x000002855e8739c0 VMThread "VM Thread" [stack: 0x000000ce8fb00000,0x000000ce8fc00000] [id=27788]
  0x000002855f642ce0 WatcherThread [stack: 0x000000ce90900000,0x000000ce90a00000] [id=22328]
  0x000002853ea0dba0 GCTaskThread "GC Thread#0" [stack: 0x000000ce8f600000,0x000000ce8f700000] [id=23728]
  0x000002856047a620 GCTaskThread "GC Thread#1" [stack: 0x000000ce90b00000,0x000000ce90c00000] [id=14084]
  0x000002856047a8d0 GCTaskThread "GC Thread#2" [stack: 0x000000ce90e00000,0x000000ce90f00000] [id=19440]
  0x000002856047ab80 GCTaskThread "GC Thread#3" [stack: 0x000000ce90f00000,0x000000ce91000000] [id=29684]
  0x00000285606089c0 GCTaskThread "GC Thread#4" [stack: 0x000000ce91000000,0x000000ce91100000] [id=21908]
  0x0000028560608c70 GCTaskThread "GC Thread#5" [stack: 0x000000ce91100000,0x000000ce91200000] [id=12604]
  0x0000028560608f20 GCTaskThread "GC Thread#6" [stack: 0x000000ce91200000,0x000000ce91300000] [id=15744]
  0x00000285606091d0 GCTaskThread "GC Thread#7" [stack: 0x000000ce91300000,0x000000ce91400000] [id=29940]
  0x000002853ea1e2a0 ConcurrentGCThread "G1 Main Marker" [stack: 0x000000ce8f700000,0x000000ce8f800000] [id=10080]
  0x000002853ea1fcc0 ConcurrentGCThread "G1 Conc#0" [stack: 0x000000ce8f800000,0x000000ce8f900000] [id=15244]
  0x0000028560e74d30 ConcurrentGCThread "G1 Conc#1" [stack: 0x000000ce91600000,0x000000ce91700000] [id=5844]
  0x000002855e7220b0 ConcurrentGCThread "G1 Refine#0" [stack: 0x000000ce8f900000,0x000000ce8fa00000] [id=19712]
  0x00000285606849a0 ConcurrentGCThread "G1 Refine#1" [stack: 0x000000ce91400000,0x000000ce91500000] [id=29228]
  0x000002855e7229d0 ConcurrentGCThread "G1 Service" [stack: 0x000000ce8fa00000,0x000000ce8fb00000] [id=25064]

Threads with active compile tasks:

VM state: not at safepoint (normal execution)

VM Mutex/Monitor currently owned by a thread: None

Heap address: 0x0000000084200000, size: 1982 MB, Compressed Oops mode: 32-bit

CDS archive(s) mapped at: [0x0000000800000000-0x0000000800bc0000-0x0000000800bc0000), size 12320768, SharedBaseAddress: 0x0000000800000000, ArchiveRelocationMode: 0.
Compressed class space mapped at: 0x0000000800c00000-0x0000000840c00000, reserved size: 1073741824
Narrow klass base: 0x0000000800000000, Narrow klass shift: 0, Narrow klass range: 0x100000000

GC Precious Log:
 CPUs: 8 total, 8 available
 Memory: 7926M
 Large Page Support: Disabled
 NUMA Support: Disabled
 Compressed Oops: Enabled (32-bit)
 Heap Region Size: 1M
 Heap Min Capacity: 8M
 Heap Initial Capacity: 124M
 Heap Max Capacity: 1982M
 Pre-touch: Disabled
 Parallel Workers: 8
 Concurrent Workers: 2
 Concurrent Refinement Workers: 8
 Periodic GC: Disabled

Heap:
 garbage-first heap   total 68608K, used 25245K [0x0000000084200000, 0x0000000100000000)
  region size 1024K, 12 young (12288K), 5 survivors (5120K)
 Metaspace       used 21809K, committed 22144K, reserved 1073152K
  class space    used 2517K, committed 2688K, reserved 1048576K

Heap Regions: E=young(eden), S=young(survivor), O=old, HS=humongous(starts), HC=humongous(continues), CS=collection set, F=free, OA=open archive, CA=closed archive, TAMS=top-at-mark-start (previous, next)
|   0|0x0000000084200000, 0x0000000084300000, 0x0000000084300000|100%| O|  |TAMS 0x0000000084300000, 0x0000000084200000| Untracked 
|   1|0x0000000084300000, 0x0000000084400000, 0x0000000084400000|100%| O|  |TAMS 0x0000000084400000, 0x0000000084300000| Untracked 
|   2|0x0000000084400000, 0x0000000084500000, 0x0000000084500000|100%| O|  |TAMS 0x0000000084500000, 0x0000000084400000| Untracked 
|   3|0x0000000084500000, 0x0000000084600000, 0x0000000084600000|100%| O|  |TAMS 0x0000000084600000, 0x0000000084500000| Untracked 
|   4|0x0000000084600000, 0x0000000084700000, 0x0000000084700000|100%| O|  |TAMS 0x0000000084700000, 0x0000000084600000| Untracked 
|   5|0x0000000084700000, 0x0000000084800000, 0x0000000084800000|100%| O|  |TAMS 0x0000000084800000, 0x0000000084700000| Untracked 
|   6|0x0000000084800000, 0x0000000084900000, 0x0000000084900000|100%| O|  |TAMS 0x0000000084900000, 0x0000000084800000| Untracked 
|   7|0x0000000084900000, 0x0000000084a00000, 0x0000000084a00000|100%| O|  |TAMS 0x0000000084a00000, 0x0000000084900000| Untracked 
|   8|0x0000000084a00000, 0x0000000084b00000, 0x0000000084b00000|100%| O|  |TAMS 0x0000000084b00000, 0x0000000084a00000| Untracked 
|   9|0x0000000084b00000, 0x0000000084c00000, 0x0000000084c00000|100%| O|  |TAMS 0x0000000084b00000, 0x0000000084b00000| Untracked 
|  10|0x0000000084c00000, 0x0000000084d00000, 0x0000000084d00000|100%| O|  |TAMS 0x0000000084c00000, 0x0000000084c00000| Untracked 
|  11|0x0000000084d00000, 0x0000000084e00000, 0x0000000084e00000|100%| O|  |TAMS 0x0000000084d00000, 0x0000000084d00000| Untracked 
|  12|0x0000000084e00000, 0x0000000084f00000, 0x0000000084f00000|100%| O|  |TAMS 0x0000000084e00000, 0x0000000084e00000| Untracked 
|  13|0x0000000084f00000, 0x0000000084fc6e00, 0x0000000085000000| 77%| O|  |TAMS 0x0000000084f00000, 0x0000000084f00000| Untracked 
|  14|0x0000000085000000, 0x0000000085000000, 0x0000000085100000|  0%| F|  |TAMS 0x0000000085000000, 0x0000000085000000| Untracked 
|  15|0x0000000085100000, 0x0000000085100000, 0x0000000085200000|  0%| F|  |TAMS 0x0000000085100000, 0x0000000085100000| Untracked 
|  16|0x0000000085200000, 0x0000000085200000, 0x0000000085300000|  0%| F|  |TAMS 0x0000000085200000, 0x0000000085200000| Untracked 
|  17|0x0000000085300000, 0x0000000085300000, 0x0000000085400000|  0%| F|  |TAMS 0x0000000085300000, 0x0000000085300000| Untracked 
|  18|0x0000000085400000, 0x0000000085400000, 0x0000000085500000|  0%| F|  |TAMS 0x0000000085400000, 0x0000000085400000| Untracked 
|  19|0x0000000085500000, 0x0000000085500000, 0x0000000085600000|  0%| F|  |TAMS 0x0000000085500000, 0x0000000085500000| Untracked 
|  20|0x0000000085600000, 0x0000000085600000, 0x0000000085700000|  0%| F|  |TAMS 0x0000000085600000, 0x0000000085600000| Untracked 
|  21|0x0000000085700000, 0x0000000085700000, 0x0000000085800000|  0%| F|  |TAMS 0x0000000085700000, 0x0000000085700000| Untracked 
|  22|0x0000000085800000, 0x0000000085800000, 0x0000000085900000|  0%| F|  |TAMS 0x0000000085800000, 0x0000000085800000| Untracked 
|  23|0x0000000085900000, 0x0000000085900000, 0x0000000085a00000|  0%| F|  |TAMS 0x0000000085900000, 0x0000000085900000| Untracked 
|  24|0x0000000085a00000, 0x0000000085a00000, 0x0000000085b00000|  0%| F|  |TAMS 0x0000000085a00000, 0x0000000085a00000| Untracked 
|  25|0x0000000085b00000, 0x0000000085b00000, 0x0000000085c00000|  0%| F|  |TAMS 0x0000000085b00000, 0x0000000085b00000| Untracked 
|  26|0x0000000085c00000, 0x0000000085c00000, 0x0000000085d00000|  0%| F|  |TAMS 0x0000000085c00000, 0x0000000085c00000| Untracked 
|  27|0x0000000085d00000, 0x0000000085d00000, 0x0000000085e00000|  0%| F|  |TAMS 0x0000000085d00000, 0x0000000085d00000| Untracked 
|  28|0x0000000085e00000, 0x0000000085e00000, 0x0000000085f00000|  0%| F|  |TAMS 0x0000000085e00000, 0x0000000085e00000| Untracked 
|  29|0x0000000085f00000, 0x0000000085f00000, 0x0000000086000000|  0%| F|  |TAMS 0x0000000085f00000, 0x0000000085f00000| Untracked 
|  30|0x0000000086000000, 0x0000000086000000, 0x0000000086100000|  0%| F|  |TAMS 0x0000000086000000, 0x0000000086000000| Untracked 
|  31|0x0000000086100000, 0x00000000861e06a0, 0x0000000086200000| 87%| S|CS|TAMS 0x0000000086100000, 0x0000000086100000| Complete 
|  32|0x0000000086200000, 0x0000000086300000, 0x0000000086300000|100%| S|CS|TAMS 0x0000000086200000, 0x0000000086200000| Complete 
|  33|0x0000000086300000, 0x0000000086400000, 0x0000000086400000|100%| S|CS|TAMS 0x0000000086300000, 0x0000000086300000| Complete 
|  34|0x0000000086400000, 0x0000000086500000, 0x0000000086500000|100%| S|CS|TAMS 0x0000000086400000, 0x0000000086400000| Complete 
|  35|0x0000000086500000, 0x0000000086600000, 0x0000000086600000|100%| S|CS|TAMS 0x0000000086500000, 0x0000000086500000| Complete 
|  36|0x0000000086600000, 0x0000000086600000, 0x0000000086700000|  0%| F|  |TAMS 0x0000000086600000, 0x0000000086600000| Untracked 
|  37|0x0000000086700000, 0x0000000086700000, 0x0000000086800000|  0%| F|  |TAMS 0x0000000086700000, 0x0000000086700000| Untracked 
|  38|0x0000000086800000, 0x0000000086800000, 0x0000000086900000|  0%| F|  |TAMS 0x0000000086800000, 0x0000000086800000| Untracked 
|  39|0x0000000086900000, 0x0000000086900000, 0x0000000086a00000|  0%| F|  |TAMS 0x0000000086900000, 0x0000000086900000| Untracked 
|  40|0x0000000086a00000, 0x0000000086a00000, 0x0000000086b00000|  0%| F|  |TAMS 0x0000000086a00000, 0x0000000086a00000| Untracked 
|  41|0x0000000086b00000, 0x0000000086b00000, 0x0000000086c00000|  0%| F|  |TAMS 0x0000000086b00000, 0x0000000086b00000| Untracked 
|  42|0x0000000086c00000, 0x0000000086c00000, 0x0000000086d00000|  0%| F|  |TAMS 0x0000000086c00000, 0x0000000086c00000| Untracked 
|  43|0x0000000086d00000, 0x0000000086d00000, 0x0000000086e00000|  0%| F|  |TAMS 0x0000000086d00000, 0x0000000086d00000| Untracked 
|  44|0x0000000086e00000, 0x0000000086e00000, 0x0000000086f00000|  0%| F|  |TAMS 0x0000000086e00000, 0x0000000086e00000| Untracked 
|  45|0x0000000086f00000, 0x0000000086f00000, 0x0000000087000000|  0%| F|  |TAMS 0x0000000086f00000, 0x0000000086f00000| Untracked 
|  46|0x0000000087000000, 0x0000000087000000, 0x0000000087100000|  0%| F|  |TAMS 0x0000000087000000, 0x0000000087000000| Untracked 
|  47|0x0000000087100000, 0x0000000087100000, 0x0000000087200000|  0%| F|  |TAMS 0x0000000087100000, 0x0000000087100000| Untracked 
|  48|0x0000000087200000, 0x0000000087200000, 0x0000000087300000|  0%| F|  |TAMS 0x0000000087200000, 0x0000000087200000| Untracked 
|  49|0x0000000087300000, 0x0000000087300000, 0x0000000087400000|  0%| F|  |TAMS 0x0000000087300000, 0x0000000087300000| Untracked 
|  50|0x0000000087400000, 0x0000000087400000, 0x0000000087500000|  0%| F|  |TAMS 0x0000000087400000, 0x0000000087400000| Untracked 
|  51|0x0000000087500000, 0x0000000087500000, 0x0000000087600000|  0%| F|  |TAMS 0x0000000087500000, 0x0000000087500000| Untracked 
|  52|0x0000000087600000, 0x0000000087600000, 0x0000000087700000|  0%| F|  |TAMS 0x0000000087600000, 0x0000000087600000| Untracked 
|  53|0x0000000087700000, 0x0000000087700000, 0x0000000087800000|  0%| F|  |TAMS 0x0000000087700000, 0x0000000087700000| Untracked 
|  54|0x0000000087800000, 0x0000000087800000, 0x0000000087900000|  0%| F|  |TAMS 0x0000000087800000, 0x0000000087800000| Untracked 
|  55|0x0000000087900000, 0x0000000087900000, 0x0000000087a00000|  0%| F|  |TAMS 0x0000000087900000, 0x0000000087900000| Untracked 
|  57|0x0000000087b00000, 0x0000000087b00000, 0x0000000087c00000|  0%| F|  |TAMS 0x0000000087b00000, 0x0000000087b00000| Untracked 
|  58|0x0000000087c00000, 0x0000000087c00000, 0x0000000087d00000|  0%| F|  |TAMS 0x0000000087c00000, 0x0000000087c00000| Untracked 
|  59|0x0000000087d00000, 0x0000000087d00000, 0x0000000087e00000|  0%| F|  |TAMS 0x0000000087d00000, 0x0000000087d00000| Untracked 
|  60|0x0000000087e00000, 0x0000000087e00000, 0x0000000087f00000|  0%| F|  |TAMS 0x0000000087e00000, 0x0000000087e00000| Untracked 
|  61|0x0000000087f00000, 0x0000000088000000, 0x0000000088000000|100%| E|  |TAMS 0x0000000087f00000, 0x0000000087f00000| Complete 
|  62|0x0000000088000000, 0x0000000088100000, 0x0000000088100000|100%| E|CS|TAMS 0x0000000088000000, 0x0000000088000000| Complete 
|  63|0x0000000088100000, 0x0000000088200000, 0x0000000088200000|100%| E|CS|TAMS 0x0000000088100000, 0x0000000088100000| Complete 
|  64|0x0000000088200000, 0x0000000088300000, 0x0000000088300000|100%| E|CS|TAMS 0x0000000088200000, 0x0000000088200000| Complete 
|  65|0x0000000088300000, 0x0000000088400000, 0x0000000088400000|100%| E|CS|TAMS 0x0000000088300000, 0x0000000088300000| Complete 
| 122|0x000000008bc00000, 0x000000008bd00000, 0x000000008bd00000|100%| E|CS|TAMS 0x000000008bc00000, 0x000000008bc00000| Complete 
| 123|0x000000008bd00000, 0x000000008be00000, 0x000000008be00000|100%| E|CS|TAMS 0x000000008bd00000, 0x000000008bd00000| Complete 

Card table byte_map: [0x0000028557840000,0x0000028557c20000] _byte_map_base: 0x000002855741f000

Marking Bits (Prev, Next): (CMBitMap*) 0x000002853ea0e1f0, (CMBitMap*) 0x000002853ea0e1b0
 Prev Bits: [0x0000028559f00000, 0x000002855bdf8000)
 Next Bits: [0x0000028558000000, 0x0000028559ef8000)

Polling page: 0x000002853ea80000

Metaspace:

Usage:
  Non-class:     18.84 MB used.
      Class:      2.46 MB used.
       Both:     21.30 MB used.

Virtual space:
  Non-class space:       24.00 MB reserved,      19.00 MB ( 79%) committed,  3 nodes.
      Class space:        1.00 GB reserved,       2.62 MB ( <1%) committed,  1 nodes.
             Both:        1.02 GB reserved,      21.62 MB (  2%) committed. 

Chunk freelists:
   Non-Class:  464.00 KB
       Class:  1.36 MB
        Both:  1.81 MB

MaxMetaspaceSize: unlimited
CompressedClassSpaceSize: 1.00 GB
Initial GC threshold: 21.00 MB
Current GC threshold: 35.31 MB
CDS: on
MetaspaceReclaimPolicy: balanced
 - commit_granule_bytes: 65536.
 - commit_granule_words: 8192.
 - virtual_space_node_default_size: 1048576.
 - enlarge_chunks_in_place: 1.
 - new_chunks_are_fully_committed: 0.
 - uncommit_free_chunks: 1.
 - use_allocation_guard: 0.
 - handle_deallocations: 1.


Internal statistics:

num_allocs_failed_limit: 3.
num_arena_births: 376.
num_arena_deaths: 0.
num_vsnodes_births: 4.
num_vsnodes_deaths: 0.
num_space_committed: 346.
num_space_uncommitted: 0.
num_chunks_returned_to_freelist: 3.
num_chunks_taken_from_freelist: 1095.
num_chunk_merges: 0.
num_chunk_splits: 693.
num_chunks_enlarged: 469.
num_purges: 0.
num_inconsistent_stats: 0.

CodeHeap 'non-profiled nmethods': size=120000Kb used=2173Kb max_used=2173Kb free=117826Kb
 bounds [0x000002854f4d0000, 0x000002854f740000, 0x0000028556a00000]
CodeHeap 'profiled nmethods': size=120000Kb used=8571Kb max_used=8571Kb free=111428Kb
 bounds [0x0000028547fa0000, 0x0000028548800000, 0x000002854f4d0000]
CodeHeap 'non-nmethods': size=5760Kb used=1343Kb max_used=1414Kb free=4416Kb
 bounds [0x0000028547a00000, 0x0000028547c70000, 0x0000028547fa0000]
 total_blobs=4482 nmethods=3906 adapters=487
 compilation: enabled
              stopped_count=0, restarted_count=0
 full_count=0

Compilation events (20 events):
Event: 6.716 Thread 0x0000028560d3db50 nmethod 3944 0x000002854f6d7410 code [0x000002854f6d75a0, 0x000002854f6d7a38]
Event: 6.716 Thread 0x0000028560d3db50 3940       4       java.util.stream.Sink$ChainedInt::cancellationRequested (10 bytes)
Event: 6.717 Thread 0x0000028560d3db50 nmethod 3940 0x000002854f6d7c90 code [0x000002854f6d7e00, 0x000002854f6d7eb8]
Event: 6.717 Thread 0x0000028560d3db50 3942       4       java.util.Locale::hashCode (41 bytes)
Event: 6.718 Thread 0x0000028560d3db50 nmethod 3942 0x000002854f6d7f90 code [0x000002854f6d8120, 0x000002854f6d8208]
Event: 6.718 Thread 0x0000028560d3db50 3584       4       org.apache.xmlbeans.impl.store.Locale$nthCache::distance (84 bytes)
Event: 6.724 Thread 0x0000028560d3db50 nmethod 3584 0x000002854f6d8310 code [0x000002854f6d84a0, 0x000002854f6d89f8]
Event: 6.724 Thread 0x0000028560d3db50 3421       4       java.util.ArrayList::grow (60 bytes)
Event: 6.731 Thread 0x0000028560d3db50 nmethod 3421 0x000002854f6d8d10 code [0x000002854f6d8ea0, 0x000002854f6d9518]
Event: 6.731 Thread 0x0000028560d3db50 3986       4       java.util.stream.AbstractPipeline::wrapAndCopyInto (18 bytes)
Event: 6.734 Thread 0x0000028560d3db50 nmethod 3986 0x000002854f6d9710 code [0x000002854f6d98a0, 0x000002854f6d9a68]
Event: 6.734 Thread 0x0000028560d3db50 3949       4       java.util.stream.Sink::end (1 bytes)
Event: 6.734 Thread 0x0000028560d3db50 nmethod 3949 0x000002854f6d9c90 code [0x000002854f6d9e00, 0x000002854f6d9e78]
Event: 6.734 Thread 0x0000028560d3db50 3984       4       sun.util.locale.provider.LocaleProviderAdapter::getAdapter (177 bytes)
Event: 6.749 Thread 0x0000028560d3db50 nmethod 3984 0x000002854f6d9f90 code [0x000002854f6da180, 0x000002854f6da990]
Event: 6.749 Thread 0x0000028560d3db50 3837       4       java.util.HashMap::<init> (11 bytes)
Event: 6.749 Thread 0x0000028560d3db50 nmethod 3837 0x000002854f6db290 code [0x000002854f6db400, 0x000002854f6db478]
Event: 6.749 Thread 0x0000028560d3db50 3301       4       java.util.ArrayList::elementData (7 bytes)
Event: 6.750 Thread 0x0000028560d3db50 nmethod 3301 0x000002854f6db590 code [0x000002854f6db700, 0x000002854f6db7b8]
Event: 6.898 Thread 0x000002855e892620 nmethod 3948 0x000002854f6db890 code [0x000002854f6dbd00, 0x000002854f6ea3e8]

GC Heap History (12 events):
Event: 2.104 GC heap before
{Heap before GC invocations=0 (full 0):
 garbage-first heap   total 126976K, used 22528K [0x0000000084200000, 0x0000000100000000)
  region size 1024K, 23 young (23552K), 0 survivors (0K)
 Metaspace       used 6996K, committed 7296K, reserved 1056768K
  class space    used 790K, committed 960K, reserved 1048576K
}
Event: 2.130 GC heap after
{Heap after GC invocations=1 (full 0):
 garbage-first heap   total 126976K, used 8712K [0x0000000084200000, 0x0000000100000000)
  region size 1024K, 3 young (3072K), 3 survivors (3072K)
 Metaspace       used 6996K, committed 7296K, reserved 1056768K
  class space    used 790K, committed 960K, reserved 1048576K
}
Event: 3.406 GC heap before
{Heap before GC invocations=1 (full 0):
 garbage-first heap   total 126976K, used 31240K [0x0000000084200000, 0x0000000100000000)
  region size 1024K, 26 young (26624K), 3 survivors (3072K)
 Metaspace       used 13911K, committed 14208K, reserved 1064960K
  class space    used 1649K, committed 1792K, reserved 1048576K
}
Event: 3.412 GC heap after
{Heap after GC invocations=2 (full 0):
 garbage-first heap   total 126976K, used 11544K [0x0000000084200000, 0x0000000100000000)
  region size 1024K, 3 young (3072K), 3 survivors (3072K)
 Metaspace       used 13911K, committed 14208K, reserved 1064960K
  class space    used 1649K, committed 1792K, reserved 1048576K
}
Event: 4.307 GC heap before
{Heap before GC invocations=2 (full 0):
 garbage-first heap   total 126976K, used 59672K [0x0000000084200000, 0x0000000100000000)
  region size 1024K, 50 young (51200K), 3 survivors (3072K)
 Metaspace       used 18068K, committed 18432K, reserved 1064960K
  class space    used 2133K, committed 2304K, reserved 1048576K
}
Event: 4.314 GC heap after
{Heap after GC invocations=3 (full 0):
 garbage-first heap   total 126976K, used 14035K [0x0000000084200000, 0x0000000100000000)
  region size 1024K, 5 young (5120K), 5 survivors (5120K)
 Metaspace       used 18068K, committed 18432K, reserved 1064960K
  class space    used 2133K, committed 2304K, reserved 1048576K
}
Event: 5.704 GC heap before
{Heap before GC invocations=3 (full 0):
 garbage-first heap   total 126976K, used 67283K [0x0000000084200000, 0x0000000100000000)
  region size 1024K, 58 young (59392K), 5 survivors (5120K)
 Metaspace       used 21248K, committed 21504K, reserved 1073152K
  class space    used 2484K, committed 2624K, reserved 1048576K
}
Event: 5.719 GC heap after
{Heap after GC invocations=4 (full 0):
 garbage-first heap   total 126976K, used 18432K [0x0000000084200000, 0x0000000100000000)
  region size 1024K, 9 young (9216K), 9 survivors (9216K)
 Metaspace       used 21248K, committed 21504K, reserved 1073152K
  class space    used 2484K, committed 2624K, reserved 1048576K
}
Event: 6.180 GC heap before
{Heap before GC invocations=5 (full 0):
 garbage-first heap   total 68608K, used 50176K [0x0000000084200000, 0x0000000100000000)
  region size 1024K, 40 young (40960K), 9 survivors (9216K)
 Metaspace       used 21608K, committed 21952K, reserved 1073152K
  class space    used 2511K, committed 2688K, reserved 1048576K
}
Event: 6.191 GC heap after
{Heap after GC invocations=6 (full 0):
 garbage-first heap   total 68608K, used 16534K [0x0000000084200000, 0x0000000100000000)
  region size 1024K, 3 young (3072K), 3 survivors (3072K)
 Metaspace       used 21608K, committed 21952K, reserved 1073152K
  class space    used 2511K, committed 2688K, reserved 1048576K
}
Event: 6.555 GC heap before
{Heap before GC invocations=6 (full 0):
 garbage-first heap   total 68608K, used 48278K [0x0000000084200000, 0x0000000100000000)
  region size 1024K, 34 young (34816K), 3 survivors (3072K)
 Metaspace       used 21709K, committed 22080K, reserved 1073152K
  class space    used 2511K, committed 2688K, reserved 1048576K
}
Event: 6.561 GC heap after
{Heap after GC invocations=7 (full 0):
 garbage-first heap   total 68608K, used 19101K [0x0000000084200000, 0x0000000100000000)
  region size 1024K, 5 young (5120K), 5 survivors (5120K)
 Metaspace       used 21709K, committed 22080K, reserved 1073152K
  class space    used 2511K, committed 2688K, reserved 1048576K
}

Deoptimization events (20 events):
Event: 6.461 Thread 0x000002853e9cf3b0 Uncommon trap: trap_request=0xffffff97 fr.pc=0x000002854f613ad4 relative=0x0000000000000534
Event: 6.461 Thread 0x000002853e9cf3b0 Uncommon trap: reason=unhandled action=none pc=0x000002854f613ad4 method=com.sun.org.apache.xerces.internal.impl.XMLEntityScanner.load(IZZ)Z @ 171 c2
Event: 6.462 Thread 0x000002853e9cf3b0 DEOPT PACKING pc=0x000002854f613ad4 sp=0x000000ce8f4fcf40
Event: 6.462 Thread 0x000002853e9cf3b0 DEOPT UNPACKING pc=0x0000028547a55c23 sp=0x000000ce8f4fce50 mode 2
Event: 6.465 Thread 0x000002853e9cf3b0 DEOPT PACKING pc=0x00000285480d07fc sp=0x000000ce8f4fc6c0
Event: 6.465 Thread 0x000002853e9cf3b0 DEOPT UNPACKING pc=0x0000028547a56763 sp=0x000000ce8f4fbb58 mode 1
Event: 6.465 Thread 0x000002853e9cf3b0 DEOPT PACKING pc=0x00000285480cfcdc sp=0x000000ce8f4fc790
Event: 6.465 Thread 0x000002853e9cf3b0 DEOPT UNPACKING pc=0x0000028547a56763 sp=0x000000ce8f4fbc48 mode 1
Event: 6.468 Thread 0x000002853e9cf3b0 Uncommon trap: trap_request=0xffffff97 fr.pc=0x000002854f613ad4 relative=0x0000000000000534
Event: 6.468 Thread 0x000002853e9cf3b0 Uncommon trap: reason=unhandled action=none pc=0x000002854f613ad4 method=com.sun.org.apache.xerces.internal.impl.XMLEntityScanner.load(IZZ)Z @ 171 c2
Event: 6.468 Thread 0x000002853e9cf3b0 DEOPT PACKING pc=0x000002854f613ad4 sp=0x000000ce8f4fcf40
Event: 6.468 Thread 0x000002853e9cf3b0 DEOPT UNPACKING pc=0x0000028547a55c23 sp=0x000000ce8f4fce50 mode 2
Event: 6.470 Thread 0x000002853e9cf3b0 DEOPT PACKING pc=0x00000285480d07fc sp=0x000000ce8f4fc6c0
Event: 6.470 Thread 0x000002853e9cf3b0 DEOPT UNPACKING pc=0x0000028547a56763 sp=0x000000ce8f4fbb58 mode 1
Event: 6.471 Thread 0x000002853e9cf3b0 DEOPT PACKING pc=0x00000285480cfcdc sp=0x000000ce8f4fc790
Event: 6.471 Thread 0x000002853e9cf3b0 DEOPT UNPACKING pc=0x0000028547a56763 sp=0x000000ce8f4fbc48 mode 1
Event: 6.471 Thread 0x000002853e9cf3b0 Uncommon trap: trap_request=0xffffff97 fr.pc=0x000002854f613ad4 relative=0x0000000000000534
Event: 6.471 Thread 0x000002853e9cf3b0 Uncommon trap: reason=unhandled action=none pc=0x000002854f613ad4 method=com.sun.org.apache.xerces.internal.impl.XMLEntityScanner.load(IZZ)Z @ 171 c2
Event: 6.471 Thread 0x000002853e9cf3b0 DEOPT PACKING pc=0x000002854f613ad4 sp=0x000000ce8f4fcf40
Event: 6.471 Thread 0x000002853e9cf3b0 DEOPT UNPACKING pc=0x0000028547a55c23 sp=0x000000ce8f4fce50 mode 2

Classes unloaded (0 events):
No events

Classes redefined (1 events):
Event: 132.143 Thread 0x000002855e8739c0 redefined class name=com.palm.regressionTesting.HeaderFooterInErrorScreenValidation, count=1

Internal exceptions (20 events):
Event: 2.521 Thread 0x000002853e9cf3b0 Exception <a 'java/lang/NoSuchMethodError'{0x000000008b6ec068}: 'void java.lang.invoke.DelegatingMethodHandle$Holder.delegate(java.lang.Object, java.lang.Object, int, java.lang.Object)'> (0x000000008b6ec068) 
thrown [t:\workspace\open\src\hotspot\share\interpreter\linkResolver.cpp, line 766]
Event: 2.532 Thread 0x000002853e9cf3b0 Exception <a 'java/lang/IncompatibleClassChangeError'{0x000000008b5347c8}: Found class java.lang.Object, but interface was expected> (0x000000008b5347c8) 
thrown [t:\workspace\open\src\hotspot\share\interpreter\linkResolver.cpp, line 833]
Event: 2.909 Thread 0x000002853e9cf3b0 Exception <a 'java/lang/NoSuchMethodError'{0x000000008aefa168}: 'java.lang.Object java.lang.invoke.DirectMethodHandle$Holder.newInvokeSpecial(java.lang.Object, long, int, java.lang.Object)'> (0x000000008aefa168) 
thrown [t:\workspace\open\src\hotspot\share\interpreter\linkResolver.cpp, line 766]
Event: 2.963 Thread 0x000002853e9cf3b0 Exception <a 'java/lang/NoSuchMethodError'{0x000000008ad64230}: 'void java.lang.invoke.DirectMethodHandle$Holder.invokeStaticInit(java.lang.Object, java.lang.Object, java.lang.Object, java.lang.Object)'> (0x000000008ad64230) 
thrown [t:\workspace\open\src\hotspot\share\interpreter\linkResolver.cpp, line 766]
Event: 3.219 Thread 0x000002853e9cf3b0 Exception <a 'java/lang/IncompatibleClassChangeError'{0x000000008a97e200}: Found class java.lang.Object, but interface was expected> (0x000000008a97e200) 
thrown [t:\workspace\open\src\hotspot\share\interpreter\linkResolver.cpp, line 833]
Event: 3.532 Thread 0x000002853e9cf3b0 Exception <a 'java/lang/NoSuchMethodError'{0x000000008b913450}: 'void java.lang.invoke.DirectMethodHandle$Holder.invokeVirtual(java.lang.Object, java.lang.Object, java.lang.Object, java.lang.Object)'> (0x000000008b913450) 
thrown [t:\workspace\open\src\hotspot\share\interpreter\linkResolver.cpp, line 766]
Event: 3.543 Thread 0x000002853e9cf3b0 Exception <a 'java/lang/NoSuchMethodError'{0x000000008b945560}: 'void java.lang.invoke.DirectMethodHandle$Holder.invokeStatic(java.lang.Object, java.lang.Object, java.lang.Object, int)'> (0x000000008b945560) 
thrown [t:\workspace\open\src\hotspot\share\interpreter\linkResolver.cpp, line 766]
Event: 3.544 Thread 0x000002853e9cf3b0 Exception <a 'java/lang/NoSuchMethodError'{0x000000008b948cc8}: 'void java.lang.invoke.DirectMethodHandle$Holder.invokeStaticInit(java.lang.Object, java.lang.Object, java.lang.Object, int)'> (0x000000008b948cc8) 
thrown [t:\workspace\open\src\hotspot\share\interpreter\linkResolver.cpp, line 766]
Event: 3.615 Thread 0x000002853e9cf3b0 Exception <a 'java/lang/NoSuchMethodError'{0x000000008b8b7898}: 'void java.lang.invoke.DirectMethodHandle$Holder.invokeInterface(java.lang.Object, java.lang.Object, java.lang.Object)'> (0x000000008b8b7898) 
thrown [t:\workspace\open\src\hotspot\share\interpreter\linkResolver.cpp, line 766]
Event: 3.784 Thread 0x000002853e9cf3b0 Exception <a 'java/lang/NoSuchMethodError'{0x000000008b4f0798}: 'java.lang.Object java.lang.invoke.DirectMethodHandle$Holder.invokeStaticInit(java.lang.Object, java.lang.Object, java.lang.Object)'> (0x000000008b4f0798) 
thrown [t:\workspace\open\src\hotspot\share\interpreter\linkResolver.cpp, line 766]
Event: 3.785 Thread 0x000002853e9cf3b0 Exception <a 'java/lang/NoSuchMethodError'{0x000000008b4f6de8}: 'java.lang.Object java.lang.invoke.DirectMethodHandle$Holder.invokeStatic(java.lang.Object, java.lang.Object, int, int)'> (0x000000008b4f6de8) 
thrown [t:\workspace\open\src\hotspot\share\interpreter\linkResolver.cpp, line 766]
Event: 3.785 Thread 0x000002853e9cf3b0 Exception <a 'java/lang/NoSuchMethodError'{0x000000008b4fa860}: 'java.lang.Object java.lang.invoke.DirectMethodHandle$Holder.invokeStaticInit(java.lang.Object, java.lang.Object, int, int)'> (0x000000008b4fa860) 
thrown [t:\workspace\open\src\hotspot\share\interpreter\linkResolver.cpp, line 766]
Event: 4.131 Thread 0x000002853e9cf3b0 Implicit null exception at 0x000002854f591cd8 to 0x000002854f591d6e
Event: 4.227 Thread 0x000002853e9cf3b0 Exception <a 'java/lang/NoSuchMethodError'{0x000000008aa856d0}: 'java.lang.Object java.lang.invoke.DirectMethodHandle$Holder.newInvokeSpecial(java.lang.Object, java.lang.Object, int, java.lang.Object)'> (0x000000008aa856d0) 
thrown [t:\workspace\open\src\hotspot\share\interpreter\linkResolver.cpp, line 766]
Event: 4.231 Thread 0x000002853e9cf3b0 Exception <a 'java/lang/NoSuchMethodError'{0x000000008aac2968}: 'void java.lang.invoke.DirectMethodHandle$Holder.invokeSpecial(java.lang.Object, java.lang.Object, java.lang.Object, java.lang.Object, java.lang.Object)'> (0x000000008aac2968) 
thrown [t:\workspace\open\src\hotspot\share\interpreter\linkResolver.cpp, line 766]
Event: 4.234 Thread 0x000002853e9cf3b0 Exception <a 'java/lang/NoSuchMethodError'{0x000000008aae4220}: 'void java.lang.invoke.DirectMethodHandle$Holder.invokeVirtual(java.lang.Object, java.lang.Object)'> (0x000000008aae4220) 
thrown [t:\workspace\open\src\hotspot\share\interpreter\linkResolver.cpp, line 766]
Event: 5.081 Thread 0x000002853e9cf3b0 Exception <a 'java/lang/NoSuchMethodError'{0x0000000089b44b68}: 'java.lang.Object java.lang.invoke.DirectMethodHandle$Holder.invokeVirtual(java.lang.Object, java.lang.Object, int)'> (0x0000000089b44b68) 
thrown [t:\workspace\open\src\hotspot\share\interpreter\linkResolver.cpp, line 766]
Event: 5.082 Thread 0x000002853e9cf3b0 Exception <a 'java/lang/NoSuchMethodError'{0x0000000089b4bfb8}: 'void java.lang.invoke.DirectMethodHandle$Holder.invokeVirtual(java.lang.Object, java.lang.Object, int, java.lang.Object)'> (0x0000000089b4bfb8) 
thrown [t:\workspace\open\src\hotspot\share\interpreter\linkResolver.cpp, line 766]
Event: 5.089 Thread 0x000002853e9cf3b0 Implicit null exception at 0x000002854f631529 to 0x000002854f632458
Event: 13.822 Thread 0x00000285608c5bd0 Exception <a 'java/lang/NullPointerException'{0x0000000087f83cc8}> (0x0000000087f83cc8) 
thrown [t:\workspace\open\src\hotspot\share\interpreter\linkResolver.cpp, line 1440]

VM Operations (20 events):
Event: 115.495 Executing VM operation: get/set locals
Event: 115.495 Executing VM operation: get/set locals done
Event: 115.496 Executing VM operation: get/set locals
Event: 115.496 Executing VM operation: get/set locals done
Event: 132.110 Executing VM operation: ChangeSingleStep
Event: 132.110 Executing VM operation: ChangeSingleStep done
Event: 132.110 Executing VM operation: ChangeSingleStep
Event: 132.110 Executing VM operation: ChangeSingleStep done
Event: 132.131 Executing VM operation: RedefineClasses
Event: 132.162 Executing VM operation: RedefineClasses done
Event: 132.186 Executing VM operation: ChangeBreakpoints
Event: 132.188 Executing VM operation: ChangeBreakpoints done
Event: 132.211 Executing VM operation: ChangeBreakpoints
Event: 132.213 Executing VM operation: ChangeBreakpoints done
Event: 132.220 Executing VM operation: ChangeSingleStep
Event: 132.220 Executing VM operation: ChangeSingleStep done
Event: 132.221 Executing VM operation: get/set locals
Event: 132.221 Executing VM operation: get/set locals done
Event: 132.222 Executing VM operation: ChangeSingleStep
Event: 132.222 Executing VM operation: ChangeSingleStep done

Events (20 events):
Event: 6.701 loading class java/util/concurrent/FutureTask
Event: 6.702 loading class java/util/concurrent/RunnableFuture
Event: 6.702 loading class java/util/concurrent/RunnableFuture done
Event: 6.702 loading class java/util/concurrent/FutureTask done
Event: 6.702 loading class java/util/concurrent/FutureTask$WaitNode
Event: 6.702 loading class java/util/concurrent/FutureTask$WaitNode done
Event: 6.702 loading class java/util/concurrent/ExecutorCompletionService$QueueingFuture
Event: 6.703 loading class java/util/concurrent/ExecutorCompletionService$QueueingFuture done
Event: 6.703 loading class java/util/concurrent/Executors$RunnableAdapter
Event: 6.703 loading class java/util/concurrent/Executors$RunnableAdapter done
Event: 6.703 loading class java/util/concurrent/ThreadPoolExecutor$Worker
Event: 6.703 loading class java/util/concurrent/ThreadPoolExecutor$Worker done
Event: 6.704 Thread 0x00000285608c5bd0 Thread added: 0x00000285608c5bd0
Event: 6.704 loading class java/util/concurrent/locks/AbstractQueuedSynchronizer$ConditionNode
Event: 6.704 loading class java/util/concurrent/ForkJoinPool$ManagedBlocker
Event: 6.705 loading class java/util/concurrent/ForkJoinPool$ManagedBlocker done
Event: 6.705 loading class java/util/concurrent/locks/AbstractQueuedSynchronizer$Node
Event: 6.705 loading class java/util/concurrent/locks/AbstractQueuedSynchronizer$Node done
Event: 6.705 loading class java/util/concurrent/locks/AbstractQueuedSynchronizer$ConditionNode done
Event: 11.760 Thread 0x0000028560d3db50 Thread exited: 0x0000028560d3db50


Dynamic libraries:
0x00007ff6d17c0000 - 0x00007ff6d17d0000 	C:\Program Files\Java\jdk-17.0.2\bin\javaw.exe
0x00007fff99a30000 - 0x00007fff99c47000 	C:\WINDOWS\SYSTEM32\ntdll.dll
0x00007fff982b0000 - 0x00007fff98374000 	C:\WINDOWS\System32\KERNEL32.DLL
0x00007fff96ec0000 - 0x00007fff9726d000 	C:\WINDOWS\System32\KERNELBASE.dll
0x00007fff97550000 - 0x00007fff97661000 	C:\WINDOWS\System32\ucrtbase.dll
0x00007fff634a0000 - 0x00007fff634b8000 	C:\Program Files\Java\jdk-17.0.2\bin\jli.dll
0x00007fff98190000 - 0x00007fff98242000 	C:\WINDOWS\System32\ADVAPI32.dll
0x00007fff977f0000 - 0x00007fff97897000 	C:\WINDOWS\System32\msvcrt.dll
0x00007fff98560000 - 0x00007fff98609000 	C:\WINDOWS\System32\sechost.dll
0x00007fff97670000 - 0x00007fff97698000 	C:\WINDOWS\System32\bcrypt.dll
0x00007fff97900000 - 0x00007fff97a14000 	C:\WINDOWS\System32\RPCRT4.dll
0x00007fff98380000 - 0x00007fff9852e000 	C:\WINDOWS\System32\USER32.dll
0x00007fff974b0000 - 0x00007fff974d6000 	C:\WINDOWS\System32\win32u.dll
0x00007fff98f70000 - 0x00007fff98f99000 	C:\WINDOWS\System32\GDI32.dll
0x00007fff97270000 - 0x00007fff97389000 	C:\WINDOWS\System32\gdi32full.dll
0x00007fff97410000 - 0x00007fff974aa000 	C:\WINDOWS\System32\msvcp_win.dll
0x00007fff63480000 - 0x00007fff6349a000 	C:\Program Files\Java\jdk-17.0.2\bin\VCRUNTIME140.dll
0x00007fff844b0000 - 0x00007fff84743000 	C:\WINDOWS\WinSxS\amd64_microsoft.windows.common-controls_6595b64144ccf1df_6.0.22621.3672_none_2713b9d173822955\COMCTL32.dll
0x00007fff8c6e0000 - 0x00007fff8c6ea000 	C:\WINDOWS\SYSTEM32\VERSION.dll
0x00007fff97a20000 - 0x00007fff97a51000 	C:\WINDOWS\System32\IMM32.DLL
0x00007fff775a0000 - 0x00007fff775ac000 	C:\Program Files\Java\jdk-17.0.2\bin\vcruntime140_1.dll
0x00007fff60ca0000 - 0x00007fff60d2d000 	C:\Program Files\Java\jdk-17.0.2\bin\msvcp140.dll
0x00007fff600d0000 - 0x00007fff60c91000 	C:\Program Files\Java\jdk-17.0.2\bin\server\jvm.dll
0x00007fff98880000 - 0x00007fff98888000 	C:\WINDOWS\System32\PSAPI.DLL
0x00007fff63470000 - 0x00007fff63479000 	C:\WINDOWS\SYSTEM32\WSOCK32.dll
0x00007fff97760000 - 0x00007fff977d1000 	C:\WINDOWS\System32\WS2_32.dll
0x00007fff8bd30000 - 0x00007fff8bd64000 	C:\WINDOWS\SYSTEM32\WINMM.dll
0x00007fff95cb0000 - 0x00007fff95cc8000 	C:\WINDOWS\SYSTEM32\kernel.appcore.dll
0x00007fff63460000 - 0x00007fff6346a000 	C:\Program Files\Java\jdk-17.0.2\bin\jimage.dll
0x00007fff943e0000 - 0x00007fff94612000 	C:\WINDOWS\SYSTEM32\DBGHELP.DLL
0x00007fff98b30000 - 0x00007fff98ebe000 	C:\WINDOWS\System32\combase.dll
0x00007fff98fa0000 - 0x00007fff99077000 	C:\WINDOWS\System32\OLEAUT32.dll
0x00007fff892d0000 - 0x00007fff89302000 	C:\WINDOWS\SYSTEM32\dbgcore.DLL
0x00007fff97390000 - 0x00007fff9740b000 	C:\WINDOWS\System32\bcryptPrimitives.dll
0x00007fff482d0000 - 0x00007fff4830b000 	C:\Program Files\Java\jdk-17.0.2\bin\jdwp.dll
0x00007fff5fc30000 - 0x00007fff5fc55000 	C:\Program Files\Java\jdk-17.0.2\bin\java.dll
0x00007fff5fb10000 - 0x00007fff5fbe6000 	C:\Program Files\Java\jdk-17.0.2\bin\jsvml.dll
0x00007fff99180000 - 0x00007fff999e7000 	C:\WINDOWS\System32\SHELL32.dll
0x00007fff94a00000 - 0x00007fff952ff000 	C:\WINDOWS\SYSTEM32\windows.storage.dll
0x00007fff948c0000 - 0x00007fff949ff000 	C:\WINDOWS\SYSTEM32\wintypes.dll
0x00007fff97a60000 - 0x00007fff97b59000 	C:\WINDOWS\System32\SHCORE.dll
0x00007fff98250000 - 0x00007fff982ae000 	C:\WINDOWS\System32\shlwapi.dll
0x00007fff96c80000 - 0x00007fff96ca7000 	C:\WINDOWS\SYSTEM32\profapi.dll
0x00007fff8ec50000 - 0x00007fff8ec5c000 	C:\Program Files\Java\jdk-17.0.2\bin\dt_socket.dll
0x00007fff95550000 - 0x00007fff9557d000 	C:\WINDOWS\SYSTEM32\IPHLPAPI.DLL
0x00007fff96260000 - 0x00007fff962c9000 	C:\WINDOWS\system32\mswsock.dll
0x00007fff95580000 - 0x00007fff95678000 	C:\WINDOWS\SYSTEM32\DNSAPI.dll
0x00007fff98530000 - 0x00007fff98539000 	C:\WINDOWS\System32\NSI.dll
0x00007fff89a20000 - 0x00007fff89a2a000 	C:\Windows\System32\rasadhlp.dll
0x00007fff8bc00000 - 0x00007fff8bc83000 	C:\WINDOWS\System32\fwpuclnt.dll
0x00007fff5f6f0000 - 0x00007fff5f709000 	C:\Program Files\Java\jdk-17.0.2\bin\net.dll
0x00007fff95cd0000 - 0x00007fff95e06000 	C:\WINDOWS\SYSTEM32\WINHTTP.dll
0x00007fff5f6d0000 - 0x00007fff5f6e6000 	C:\Program Files\Java\jdk-17.0.2\bin\nio.dll
0x00007fff5f520000 - 0x00007fff5f538000 	C:\Program Files\Java\jdk-17.0.2\bin\zip.dll
0x00007fff964b0000 - 0x00007fff964cb000 	C:\WINDOWS\SYSTEM32\CRYPTSP.dll
0x00007fff95c10000 - 0x00007fff95c45000 	C:\WINDOWS\system32\rsaenh.dll
0x00007fff96350000 - 0x00007fff96378000 	C:\WINDOWS\SYSTEM32\USERENV.dll
0x00007fff964d0000 - 0x00007fff964dc000 	C:\WINDOWS\SYSTEM32\CRYPTBASE.dll
0x00007fff8f6f0000 - 0x00007fff8f709000 	C:\WINDOWS\SYSTEM32\dhcpcsvc6.DLL
0x00007fff8f270000 - 0x00007fff8f28f000 	C:\WINDOWS\SYSTEM32\dhcpcsvc.DLL
0x00007fff5d320000 - 0x00007fff5d329000 	C:\Program Files\Java\jdk-17.0.2\bin\management.dll
0x00007fff5be30000 - 0x00007fff5be3b000 	C:\Program Files\Java\jdk-17.0.2\bin\management_ext.dll
0x00007fff5f060000 - 0x00007fff5f077000 	C:\WINDOWS\system32\napinsp.dll
0x00007fff5f040000 - 0x00007fff5f05b000 	C:\WINDOWS\system32\pnrpnsp.dll
0x00007fff5cd70000 - 0x00007fff5cd81000 	C:\WINDOWS\System32\winrnr.dll
0x00007fff8bfe0000 - 0x00007fff8bff5000 	C:\WINDOWS\system32\wshbth.dll
0x00007fff5cd40000 - 0x00007fff5cd67000 	C:\WINDOWS\system32\nlansp_c.dll

dbghelp: loaded successfully - version: 4.0.5 - missing functions: none
symbol engine: initialized successfully - sym options: 0x614 - pdb path: .;C:\Program Files\Java\jdk-17.0.2\bin;C:\WINDOWS\SYSTEM32;C:\WINDOWS\WinSxS\amd64_microsoft.windows.common-controls_6595b64144ccf1df_6.0.22621.3672_none_2713b9d173822955;C:\Program Files\Java\jdk-17.0.2\bin\server

VM Arguments:
jvm_args: -XX:+ShowCodeDetailsInExceptionMessages -agentlib:jdwp=transport=dt_socket,suspend=y,address=localhost:62223 -ea -Dfile.encoding=Cp1252 
java_command: org.testng.remote.RemoteTestNG -serport 62221 -protocol json -d D:\AutomationTestingWorkspace\sko-qa-automation\test-output D:\AutomationTestingWorkspace\sko-qa-automation\TestNG.xml
java_class_path (initial): C:\Users\Hemamalini\eclipse\java-2021-12\eclipse\configuration\org.eclipse.osgi\436\0\.cp\lib\testng-remote.jar;D:\AutomationTestingWorkspace\sko-qa-automation\target\test-classes;D:\AutomationTestingWorkspace\sko-qa-automation\target\classes;C:\Users\Hemamalini\.p2\pool\plugins\org.testng_7.10.1.r202404130807.jar;C:\Users\Hemamalini\.p2\pool\plugins\com.beust.jcommander_1.82.0.jar;C:\Users\Hemamalini\.p2\pool\plugins\org.apache-extras.beanshell.bsh_2.0.0.b6.jar;C:\Users\Hemamalini\.p2\pool\plugins\org.yaml.snakeyaml_1.21.0.jar;C:\Users\Hemamalini\.p2\pool\plugins\org.webjars.jquery_3.7.1.jar;C:\Users\Hemamalini\.p2\pool\plugins\org.junit.jupiter.api_5.8.1.v20211018-1956.jar;C:\Users\Hemamalini\.p2\pool\plugins\org.junit.jupiter.engine_5.8.1.v20211018-1956.jar;C:\Users\Hemamalini\.p2\pool\plugins\org.junit.jupiter.migrationsupport_5.8.1.v20211018-1956.jar;C:\Users\Hemamalini\.p2\pool\plugins\org.junit.jupiter.params_5.8.1.v20211018-1956.jar;C:\Users\Hemamalini\.p2\pool\plugins\org.junit.platform.commons_1.8.1.v20211018-1956.jar;C:\Users\Hemamalini\.p2\pool\plugins\org.junit.platform.engine_1.8.1.v20211018-1956.jar;C:\Users\Hemamalini\.p2\pool\plugins\org.junit.platform.launcher_1.8.1.v20211018-1956.jar;C:\Users\Hemamalini\.p2\pool\plugins\org.junit.platform.runner_1.8.1.v20211018-1956.jar;C:\Users\Hemamalini\.p2\pool\plugins\org.junit.platform.suite.api_1.8.1.v20211018-1956.jar;C:\Users\Hemamalini\.p2\pool\plugins\org.junit.platform.suite.engine_1.8.1.v20211028-1957.jar;C:\Users\Hemamalini\.p2\pool\plugins\org.junit.platform.suite.commons_1.8.1.v20211018-1956.jar;C:\Users\Hemamalini\.p2\pool\plugins\org.junit.vintage.engine_5.8.1.v20211018-1956.jar;C:\Users\Hemamalini\.p2\pool\plugins\org.opentest4j_1.2.0.v20211018-1956.jar;C:\Users\Hemamalini\.p2\pool\plugins\org.apiguardian_1.1.2.v20211018-1956.jar;C:\Users\Hemamalini\.p2\pool\plugins\org.junit_4.13.2.v20211018-1956.jar;C:\Users\Hemamalini\.p2\pool\plugins\org.hamcrest.core_1.3.0.v2018
Launcher Type: SUN_STANDARD

[Global flags]
     intx CICompilerCount                          = 4                                         {product} {ergonomic}
     uint ConcGCThreads                            = 2                                         {product} {ergonomic}
     uint G1ConcRefinementThreads                  = 8                                         {product} {ergonomic}
   size_t G1HeapRegionSize                         = 1048576                                   {product} {ergonomic}
    uintx GCDrainStackTargetSize                   = 64                                        {product} {ergonomic}
   size_t InitialHeapSize                          = 130023424                                 {product} {ergonomic}
   size_t MarkStackSize                            = 4194304                                   {product} {ergonomic}
   size_t MaxHeapSize                              = 2078277632                                {product} {ergonomic}
   size_t MaxNewSize                               = 1246756864                                {product} {ergonomic}
   size_t MinHeapDeltaBytes                        = 1048576                                   {product} {ergonomic}
   size_t MinHeapSize                              = 8388608                                   {product} {ergonomic}
    uintx NonNMethodCodeHeapSize                   = 5839372                                {pd product} {ergonomic}
    uintx NonProfiledCodeHeapSize                  = 122909434                              {pd product} {ergonomic}
    uintx ProfiledCodeHeapSize                     = 122909434                              {pd product} {ergonomic}
    uintx ReservedCodeCacheSize                    = 251658240                              {pd product} {ergonomic}
     bool SegmentedCodeCache                       = true                                      {product} {ergonomic}
     bool ShowCodeDetailsInExceptionMessages       = true                                   {manageable} {command line}
   size_t SoftMaxHeapSize                          = 2078277632                             {manageable} {ergonomic}
     bool UseCompressedClassPointers               = true                           {product lp64_product} {ergonomic}
     bool UseCompressedOops                        = true                           {product lp64_product} {ergonomic}
     bool UseG1GC                                  = true                                      {product} {ergonomic}
     bool UseLargePagesIndividualAllocation        = false                                  {pd product} {ergonomic}

Logging:
Log output configuration:
 #0: stdout all=warning uptime,level,tags
 #1: stderr all=off uptime,level,tags

Environment Variables:
JAVA_HOME=C:\Applications\Atlassian\atlassian-plugin-sdk-8.2.7\jre;C:\Program Files\Java\jdk-17.0.2\bin
PATH=C:\Users\Hemamalini\AppData\Local\Programs\Python\Python3.11.2\Scripts;C:\Users\Hemamalini\AppData\Local\Programs\Python\Python3.11.2;C:\Program Files\Java\jdk-17.0.2\bin;C:\Program Files\Git\bin\git.exe;C:\Program Files\Git\cmd;C:\Users\Hemamalini\AppData\Local\Programs\Microsoft VS Code\bin;C:\Applications\Atlassian\atlassian-plugin-sdk-8.2.7\bin;C:\Users\Hemamalini\apache-maven-3.9.1-bin\apache-maven-3.9.1\bin;
USERNAME=Hemamalini
OS=Windows_NT
PROCESSOR_IDENTIFIER=Intel64 Family 6 Model 140 Stepping 1, GenuineIntel



---------------  S Y S T E M  ---------------

OS:
 Windows 11 , 64 bit Build 22621 (10.0.22621.3958)
OS uptime: 8 days 23:34 hours

CPU: total 8 (initial active 8) (4 cores per cpu, 2 threads per core) family 6 model 140 stepping 1 microcode 0xb4, cx8, cmov, fxsr, ht, mmx, 3dnowpref, sse, sse2, sse3, ssse3, sse4.1, sse4.2, popcnt, lzcnt, tsc, tscinvbit, avx, avx2, aes, erms, clmul, bmi1, bmi2, adx, avx512f, avx512dq, avx512cd, avx512bw, avx512vl, sha, fma, vzeroupper, avx512_vpopcntdq, avx512_vpclmulqdq, avx512_vaes, avx512_vnni, clflush, clflushopt, clwb, avx512_vbmi2, avx512_vbmi

Memory: 4k page, system-wide physical 7926M (960M free)
TotalPageFile size 26739M (AvailPageFile size 12293M)
current process WorkingSet (physical memory assigned to process): 139M, peak: 189M
current process commit charge ("private bytes"): 190M, peak: 284M

vm_info: Java HotSpot(TM) 64-Bit Server VM (17.0.2+8-LTS-86) for windows-amd64 JRE (17.0.2+8-LTS-86), built on Dec  7 2021 21:51:03 by "mach5one" with MS VC++ 16.8 / 16.9 (VS2019)

END.
