#
# A fatal error has been detected by the Java Runtime Environment:
#
#  EXCEPTION_ACCESS_VIOLATION (0xc0000005) at pc=0x00007ff9e0b072f3, pid=17532, tid=21480
#
# JRE version: Java(TM) SE Runtime Environment (17.0.2+8) (build 17.0.2+8-LTS-86)
# Java VM: Java HotSpot(TM) 64-Bit Server VM (17.0.2+8-LTS-86, mixed mode, sharing, tiered, compressed oops, compressed class ptrs, g1 gc, windows-amd64)
# Problematic frame:
# V  [jvm.dll+0x2c72f3]
#
# No core dump will be written. Minidumps are not enabled by default on client versions of Windows
#
# If you would like to submit a bug report, please visit:
#   https://bugreport.java.com/bugreport/crash.jsp
#

---------------  S U M M A R Y ------------

Command Line: -XX:+ShowCodeDetailsInExceptionMessages -agentlib:jdwp=transport=dt_socket,suspend=y,address=localhost:55674 -ea -Dfile.encoding=Cp1252 org.testng.remote.RemoteTestNG -serport 55673 -protocol json -d D:\AutomationTestingWorkspace\sko-qa-automation\test-output D:\AutomationTestingWorkspace\sko-qa-automation\TestNG.xml

Host: 11th Gen Intel(R) Core(TM) i7-1165G7 @ 2.80GHz, 8 cores, 7G,  Windows 11 , 64 bit Build 22621 (10.0.22621.2506)
Time: Fri Feb 16 22:47:56 2024 India Standard Time elapsed time: 3796.211718 seconds (0d 1h 3m 16s)

---------------  T H R E A D  ---------------

Current thread (0x000001aa9d896230):  JavaThread "main" [_thread_in_vm, id=21480, stack(0x0000003992100000,0x0000003992200000)]

Stack: [0x0000003992100000,0x0000003992200000],  sp=0x00000039921fb310,  free space=1004k
Native frames: (J=compiled Java code, j=interpreted, Vv=VM code, C=native code)
V  [jvm.dll+0x2c72f3]
V  [jvm.dll+0x619096]
V  [jvm.dll+0x617306]
V  [jvm.dll+0x2385a0]
V  [jvm.dll+0x1e880d]
V  [jvm.dll+0x1de251]
V  [jvm.dll+0x537c30]
V  [jvm.dll+0x74ad28]
V  [jvm.dll+0x74ae14]
V  [jvm.dll+0x408cc5]
V  [jvm.dll+0x40ed18]
C  [java.dll+0x17ec]

Java frames: (J=compiled Java code, j=interpreted, Vv=VM code)
J 844  java.lang.ClassLoader.defineClass1(Ljava/lang/ClassLoader;Ljava/lang/String;[BIILjava/security/ProtectionDomain;Ljava/lang/String;)Ljava/lang/Class; java.base@17.0.2 (0 bytes) @ 0x000001aaae3b76e3 [0x000001aaae3b7620+0x00000000000000c3]
J 1155 c1 java.lang.ClassLoader.defineClass(Ljava/lang/String;[BIILjava/security/ProtectionDomain;)Ljava/lang/Class; java.base@17.0.2 (43 bytes) @ 0x000001aaa707637c [0x000001aaa7076000+0x000000000000037c]
J 1162 c1 java.security.SecureClassLoader.defineClass(Ljava/lang/String;[BIILjava/security/CodeSource;)Ljava/lang/Class; java.base@17.0.2 (16 bytes) @ 0x000001aaa7076a8c [0x000001aaa70769c0+0x00000000000000cc]
J 1022 c1 jdk.internal.loader.BuiltinClassLoader.defineClass(Ljava/lang/String;Ljdk/internal/loader/Resource;)Ljava/lang/Class; java.base@17.0.2 (121 bytes) @ 0x000001aaa703655c [0x000001aaa70355a0+0x0000000000000fbc]
J 854 c1 jdk.internal.loader.BuiltinClassLoader.findClassOnClassPathOrNull(Ljava/lang/String;)Ljava/lang/Class; java.base@17.0.2 (64 bytes) @ 0x000001aaa6fd3fbc [0x000001aaa6fd2ee0+0x00000000000010dc]
J 2715 c2 jdk.internal.loader.BuiltinClassLoader.loadClassOrNull(Ljava/lang/String;Z)Ljava/lang/Class; java.base@17.0.2 (143 bytes) @ 0x000001aaae51bc84 [0x000001aaae51b500+0x0000000000000784]
J 895 c1 jdk.internal.loader.ClassLoaders$AppClassLoader.loadClass(Ljava/lang/String;Z)Ljava/lang/Class; java.base@17.0.2 (40 bytes) @ 0x000001aaa6ff317c [0x000001aaa6ff2b60+0x000000000000061c]
J 836 c1 java.lang.ClassLoader.loadClass(Ljava/lang/String;)Ljava/lang/Class; java.base@17.0.2 (7 bytes) @ 0x000001aaa6fc4f5c [0x000001aaa6fc4e40+0x000000000000011c]
v  ~StubRoutines::call_stub
J 1638  java.lang.Class.forName0(Ljava/lang/String;ZLjava/lang/ClassLoader;Ljava/lang/Class;)Ljava/lang/Class; java.base@17.0.2 (0 bytes) @ 0x000001aaae418eaf [0x000001aaae418e20+0x000000000000008f]
J 2251 c1 java.lang.Class.forName(Ljava/lang/String;ZLjava/lang/ClassLoader;)Ljava/lang/Class; java.base@17.0.2 (47 bytes) @ 0x000001aaa72bb05c [0x000001aaa72bac80+0x00000000000003dc]
j  org.apache.xmlbeans.impl.schema.SchemaTypeImpl.getJavaImplClass()Ljava/lang/Class;+38
J 3127 c1 org.apache.xmlbeans.impl.schema.SchemaTypeImpl.getJavaImplConstructor()Ljava/lang/reflect/Constructor; (55 bytes) @ 0x000001aaa74ca29c [0x000001aaa74ca1a0+0x00000000000000fc]
J 3133 c1 org.apache.xmlbeans.impl.schema.SchemaTypeImpl.createUnattachedNode(Lorg/apache/xmlbeans/SchemaProperty;)Lorg/apache/xmlbeans/XmlObject; (96 bytes) @ 0x000001aaa74ce054 [0x000001aaa74cdde0+0x0000000000000274]
J 3226 c1 org.apache.xmlbeans.impl.schema.SchemaTypeImpl.createAttributeType(Ljavax/xml/namespace/QName;Lorg/apache/xmlbeans/SchemaTypeLoader;)Lorg/apache/xmlbeans/XmlObject; (135 bytes) @ 0x000001aaa74fd7dc [0x000001aaa74fcc20+0x0000000000000bbc]
J 4030 c1 org.apache.xmlbeans.impl.values.XmlObjectBase.create_attribute_user(Ljavax/xml/namespace/QName;)Lorg/apache/xmlbeans/impl/values/TypeStoreUser; (24 bytes) @ 0x000001aaa771cd64 [0x000001aaa771cc00+0x0000000000000164]
J 3332 c2 org.apache.xmlbeans.impl.store.Xobj.getUser()Lorg/apache/xmlbeans/impl/values/TypeStoreUser; (145 bytes) @ 0x000001aaae54b5dc [0x000001aaae5497a0+0x0000000000001e3c]
J 3930 c1 org.apache.xmlbeans.impl.store.Xobj.add_attribute_user(Ljavax/xml/namespace/QName;)Lorg/apache/xmlbeans/impl/values/TypeStoreUser; (53 bytes) @ 0x000001aaa76ec5dc [0x000001aaa76ec520+0x00000000000000bc]
j  org.openxmlformats.schemas.spreadsheetml.x2006.main.impl.CTPatternFillImpl.setPatternType(Lorg/openxmlformats/schemas/spreadsheetml/x2006/main/STPatternType$Enum;)V+44
j  org.apache.poi.xssf.model.StylesTable.createDefaultFills()[Lorg/openxmlformats/schemas/spreadsheetml/x2006/main/CTFill;+40
j  org.apache.poi.xssf.model.StylesTable.initialize()V+15
j  org.apache.poi.xssf.model.StylesTable.<init>()V+134
j  org.apache.poi.xssf.usermodel.XSSFRelation$$Lambda$645+0x0000000800f28000.init()Lorg/apache/poi/ooxml/POIXMLDocumentPart;+4
j  org.apache.poi.ooxml.POIXMLFactory.newDocumentPart(Lorg/apache/poi/ooxml/POIXMLRelation;)Lorg/apache/poi/ooxml/POIXMLDocumentPart;+25
j  org.apache.poi.ooxml.POIXMLDocumentPart.createRelationship(Lorg/apache/poi/ooxml/POIXMLRelation;Lorg/apache/poi/ooxml/POIXMLFactory;IZ)Lorg/apache/poi/ooxml/POIXMLDocumentPart$RelationPart;+56
j  org.apache.poi.ooxml.POIXMLDocumentPart.createRelationship(Lorg/apache/poi/ooxml/POIXMLRelation;Lorg/apache/poi/ooxml/POIXMLFactory;)Lorg/apache/poi/ooxml/POIXMLDocumentPart;+5
j  org.apache.poi.xssf.usermodel.XSSFWorkbook.onWorkbookCreate()V+90
j  org.apache.poi.xssf.usermodel.XSSFWorkbook.<init>(Lorg/apache/poi/xssf/usermodel/XSSFWorkbookType;Lorg/apache/poi/xssf/usermodel/XSSFFactory;)V+57
j  org.apache.poi.xssf.usermodel.XSSFWorkbook.<init>(Lorg/apache/poi/xssf/usermodel/XSSFWorkbookType;)V+3
j  org.apache.poi.xssf.usermodel.XSSFWorkbook.<init>()V+4
j  com.regression.utility.ProcessExcel.writeExcelFileAsRows(Ljava/util/LinkedHashMap;Ljava/lang/String;Ljava/lang/String;)Z+4
j  com.seo.regression.testing.RegressionTesting.startTesting()V+1794
j  com.seo.regression.testing.RegressionTesting.startTest()V+11
v  ~StubRoutines::call_stub
j  jdk.internal.reflect.NativeMethodAccessorImpl.invoke0(Ljava/lang/reflect/Method;Ljava/lang/Object;[Ljava/lang/Object;)Ljava/lang/Object;+0 java.base@17.0.2
j  jdk.internal.reflect.NativeMethodAccessorImpl.invoke(Ljava/lang/Object;[Ljava/lang/Object;)Ljava/lang/Object;+133 java.base@17.0.2
j  jdk.internal.reflect.DelegatingMethodAccessorImpl.invoke(Ljava/lang/Object;[Ljava/lang/Object;)Ljava/lang/Object;+6 java.base@17.0.2
j  java.lang.reflect.Method.invoke(Ljava/lang/Object;[Ljava/lang/Object;)Ljava/lang/Object;+59 java.base@17.0.2
j  org.testng.internal.MethodInvocationHelper.invokeMethod(Ljava/lang/reflect/Method;Ljava/lang/Object;[Ljava/lang/Object;)Ljava/lang/Object;+258
j  org.testng.internal.TestInvoker.invokeMethod(Lorg/testng/internal/TestMethodArguments;Lorg/testng/xml/XmlSuite;Lorg/testng/internal/ITestInvoker$FailureContext;)Lorg/testng/ITestResult;+699
j  org.testng.internal.TestInvoker.invokeTestMethod(Lorg/testng/internal/TestMethodArguments;Lorg/testng/xml/XmlSuite;Lorg/testng/internal/ITestInvoker$FailureContext;)Lorg/testng/ITestResult;+16
j  org.testng.internal.MethodRunner.runInSequence(Lorg/testng/internal/TestMethodArguments;Lorg/testng/internal/ITestInvoker;Lorg/testng/ITestContext;Ljava/util/concurrent/atomic/AtomicInteger;Lorg/testng/internal/ITestInvoker$FailureContext;Ljava/util/Iterator;Z)Ljava/util/List;+127
j  org.testng.internal.TestInvoker$MethodInvocationAgent.invoke(I)I+313
j  org.testng.internal.TestInvoker.invokeTestMethods(Lorg/testng/ITestNGMethod;Lorg/testng/internal/ConfigurationGroupMethods;Ljava/lang/Object;Lorg/testng/ITestContext;)Ljava/util/List;+389
j  org.testng.internal.TestMethodWorker.invokeTestMethods(Lorg/testng/ITestNGMethod;Ljava/lang/Object;)V+14
j  org.testng.internal.TestMethodWorker.run()V+127
j  org.testng.TestRunner$$Lambda$559+0x0000000800e376e0.accept(Ljava/lang/Object;)V+7
j  java.util.ArrayList.forEach(Ljava/util/function/Consumer;)V+46 java.base@17.0.2
j  org.testng.TestRunner.privateRun(Lorg/testng/xml/XmlTest;)V+380
j  org.testng.TestRunner.run()V+25
j  org.testng.SuiteRunner.runTest(Lorg/testng/TestRunner;)V+21
j  org.testng.SuiteRunner.runSequentially()V+31
j  org.testng.SuiteRunner.privateRun()V+332
j  org.testng.SuiteRunner.run()V+6
j  org.testng.SuiteRunnerWorker.runSuite(Lorg/testng/internal/SuiteRunnerMap;Lorg/testng/xml/XmlSuite;)V+87
j  org.testng.SuiteRunnerWorker.run()V+12
j  org.testng.TestNG.runSuitesSequentially(Lorg/testng/xml/XmlSuite;Lorg/testng/internal/SuiteRunnerMap;ILjava/lang/String;)V+66
j  org.testng.TestNG.runSuitesLocally()Ljava/util/List;+156
j  org.testng.TestNG.runSuites()Ljava/util/List;+1
j  org.testng.TestNG.run()V+25
j  org.testng.remote.AbstractRemoteTestNG.run()V+149
j  org.testng.remote.RemoteTestNG.initAndRun(Lorg/testng/remote/IRemoteTestNG;[Ljava/lang/String;Lorg/testng/CommandLineArgs;Lorg/testng/remote/RemoteArgs;)V+184
j  org.testng.remote.RemoteTestNG.main([Ljava/lang/String;)V+201
v  ~StubRoutines::call_stub

siginfo: EXCEPTION_ACCESS_VIOLATION (0xc0000005), reading address 0xffffffffffffffff


Register to memory mapping:

RIP=0x00007ff9e0b072f3 jvm.dll
RAX=0x00630073005c0073 is an unknown value
RBX=0x000001aabe37f100 points into unknown readable memory: 0x0000000000000000 | 00 00 00 00 00 00 00 00
RCX=0x000001aac31447f8 points into unknown readable memory: 0x00630073005c0073 | 73 00 5c 00 73 00 63 00
RDX=0x0000000000000025 is an unknown value
RSP=0x00000039921fb310 is pointing into the stack for thread: 0x000001aa9d896230
RBP=0x000001aabe2a39e0 points into unknown readable memory: 0x000001aabe14b680 | 80 b6 14 be aa 01 00 00
RSI=0x0000000000000025 is an unknown value
RDI=0x00630073005c0073 is an unknown value
R8 =0x0000000000000001 is an unknown value
R9 =0x000001aa9d896230 is a thread
R10=0x0000000000000025 is an unknown value
R11=0x000001aac28b3284 is pointing into metadata
R12=0x000001aabe32bd20 points into unknown readable memory: 0x000001aabe14f9f0 | f0 f9 14 be aa 01 00 00
R13=0x0 is NULL
R14=0x000001aabe37f210 points into unknown readable memory: 0x000001aac26abee0 | e0 be 6a c2 aa 01 00 00
R15=0x000001aa9d896230 is a thread


Registers:
RAX=0x00630073005c0073, RBX=0x000001aabe37f100, RCX=0x000001aac31447f8, RDX=0x0000000000000025
RSP=0x00000039921fb310, RBP=0x000001aabe2a39e0, RSI=0x0000000000000025, RDI=0x00630073005c0073
R8 =0x0000000000000001, R9 =0x000001aa9d896230, R10=0x0000000000000025, R11=0x000001aac28b3284
R12=0x000001aabe32bd20, R13=0x0000000000000000, R14=0x000001aabe37f210, R15=0x000001aa9d896230
RIP=0x00007ff9e0b072f3, EFLAGS=0x0000000000010202

Top of Stack: (sp=0x00000039921fb310)
0x00000039921fb310:   0000000000000000 0000000000000000
0x00000039921fb320:   0000000000000000 0000000000000000
0x00000039921fb330:   0000000000000025 00007ff9e0e59096
0x00000039921fb340:   000001aabe14f9f0 0000000000000025
0x00000039921fb350:   0000000000000025 0000000000000002
0x00000039921fb360:   0000000000000000 0000000000000000
0x00000039921fb370:   0000000000000000 0000000000000000
0x00000039921fb380:   0000000000000000 0000000000000000
0x00000039921fb390:   0000000000000000 00000000c23f0e18
0x00000039921fb3a0:   000001aa9d896230 0000000000000001
0x00000039921fb3b0:   000001aa9d896700 0000000000000005
0x00000039921fb3c0:   000000000000000a 000001aa9d62d830
0x00000039921fb3d0:   000001aac28b3280 00007ff9e0e57306
0x00000039921fb3e0:   0000000000000000 000001aabe2a39e0
0x00000039921fb3f0:   0000000000000000 00007ffa188cbe70
0x00000039921fb400:   0000000000000000 0000000000000000 

Instructions: (pc=0x00007ff9e0b072f3)
0x00007ff9e0b071f3:   01 00 00 eb 42 48 8b 41 28 4c 3b c0 74 2d 76 13
0x00007ff9e0b07203:   48 8b 41 18 48 85 c0 75 13 48 89 51 18 48 89 4a
0x00007ff9e0b07213:   08 eb 24 48 8b 41 10 48 85 c0 74 05 48 8b c8 eb
0x00007ff9e0b07223:   d4 48 89 51 10 48 89 4a 08 eb 0c 48 8b 41 20 48
0x00007ff9e0b07233:   89 42 20 48 89 51 20 4d 85 c0 74 38 41 ff 81 18
0x00007ff9e0b07243:   01 00 00 4d 01 81 20 01 00 00 c3 41 8d 40 fe 48
0x00007ff9e0b07253:   63 c8 49 8b 04 c9 48 89 02 4c 89 42 08 49 89 14
0x00007ff9e0b07263:   c9 4d 85 c0 74 0e 41 ff 81 00 01 00 00 4d 01 81
0x00007ff9e0b07273:   08 01 00 00 c3 cc cc cc cc cc cc cc cc 48 89 5c
0x00007ff9e0b07283:   24 08 48 89 74 24 10 48 89 7c 24 18 41 56 48 83
0x00007ff9e0b07293:   ec 20 48 8b f2 48 8b d9 48 3b 91 28 01 00 00 76
0x00007ff9e0b072a3:   76 4c 8d b1 10 01 00 00 49 8b 06 48 85 c0 0f 84
0x00007ff9e0b072b3:   af 01 00 00 33 ff 0f 1f 80 00 00 00 00 48 39 70
0x00007ff9e0b072c3:   28 72 0b 48 8b f8 74 0f 48 8b 40 10 eb 04 48 8b
0x00007ff9e0b072d3:   40 18 48 85 c0 75 e6 48 85 ff 0f 84 83 01 00 00
0x00007ff9e0b072e3:   48 8b 47 20 48 8d 4f 20 48 85 c0 74 0c 48 8b f8
0x00007ff9e0b072f3:   48 8b 40 20 48 89 01 eb 0b 48 8b d7 49 8b ce e8
0x00007ff9e0b07303:   79 01 00 00 48 8b 57 28 48 85 d2 74 67 41 ff 4e
0x00007ff9e0b07313:   08 49 29 56 10 eb 5d 8d 4a fe 48 63 c1 48 83 f8
0x00007ff9e0b07323:   20 7d 12 48 83 3c c3 00 75 0b ff c1 48 ff c0 48
0x00007ff9e0b07333:   83 f8 20 7c ee 83 f9 20 b8 ff ff ff ff 0f 44 c8
0x00007ff9e0b07343:   3b c8 0f 84 1b 01 00 00 48 63 c1 48 8d 0c c5 00
0x00007ff9e0b07353:   00 00 00 48 8b 3c 19 48 8d 50 02 48 8b 07 48 89
0x00007ff9e0b07363:   04 19 48 85 d2 74 0d ff 8b 00 01 00 00 48 29 93
0x00007ff9e0b07373:   08 01 00 00 48 85 ff 0f 84 b0 00 00 00 48 2b d6
0x00007ff9e0b07383:   48 83 fa 02 0f 86 a3 00 00 00 4c 8d 04 f7 48 3b
0x00007ff9e0b07393:   93 28 01 00 00 0f 86 a1 00 00 00 48 b8 45 44 4f
0x00007ff9e0b073a3:   4e 45 44 4f 4e 49 c7 40 08 00 00 00 00 49 89 00
0x00007ff9e0b073b3:   49 c7 40 10 00 00 00 00 49 c7 40 18 00 00 00 00
0x00007ff9e0b073c3:   49 c7 40 20 00 00 00 00 49 89 50 28 48 8b 83 10
0x00007ff9e0b073d3:   01 00 00 48 85 c0 75 09 4c 89 83 10 01 00 00 eb
0x00007ff9e0b073e3:   3f 48 8b 48 28 48 3b d1 74 2a 76 13 48 8b 48 18 


Stack slot to memory mapping:
stack at sp + 0 slots: 0x0 is NULL
stack at sp + 1 slots: 0x0 is NULL
stack at sp + 2 slots: 0x0 is NULL
stack at sp + 3 slots: 0x0 is NULL
stack at sp + 4 slots: 0x0000000000000025 is an unknown value
stack at sp + 5 slots: 0x00007ff9e0e59096 jvm.dll
stack at sp + 6 slots: 0x000001aabe14f9f0 points into unknown readable memory: 0x000001aa9d896230 | 30 62 89 9d aa 01 00 00
stack at sp + 7 slots: 0x0000000000000025 is an unknown value


---------------  P R O C E S S  ---------------

Threads class SMR info:
_java_thread_list=0x000001aac32d3dd0, length=24, elements={
0x000001aa9d896230, 0x000001aabd732b80, 0x000001aabd733530, 0x000001aabd747180,
0x000001aabd747a40, 0x000001aabd74a810, 0x000001aabd74b1c0, 0x000001aabd757a40,
0x000001aabd758340, 0x000001aabd764c60, 0x000001aabe36f710, 0x000001aabe375a10,
0x000001aabe376d20, 0x000001aabe37cac0, 0x000001aabe3870a0, 0x000001aabe8fe6d0,
0x000001aabf5a4080, 0x000001aabf6cea80, 0x000001aabf1e5b60, 0x000001aabf0c7fd0,
0x000001aabf461700, 0x000001aabf461bd0, 0x000001aabf45fef0, 0x000001aac304f010
}

Java Threads: ( => current thread )
=>0x000001aa9d896230 JavaThread "main" [_thread_in_vm, id=21480, stack(0x0000003992100000,0x0000003992200000)]
  0x000001aabd732b80 JavaThread "Reference Handler" daemon [_thread_blocked, id=26256, stack(0x0000003992800000,0x0000003992900000)]
  0x000001aabd733530 JavaThread "Finalizer" daemon [_thread_blocked, id=6696, stack(0x0000003992900000,0x0000003992a00000)]
  0x000001aabd747180 JavaThread "Signal Dispatcher" daemon [_thread_blocked, id=14256, stack(0x0000003992a00000,0x0000003992b00000)]
  0x000001aabd747a40 JavaThread "Attach Listener" daemon [_thread_blocked, id=25648, stack(0x0000003992b00000,0x0000003992c00000)]
  0x000001aabd74a810 JavaThread "Service Thread" daemon [_thread_blocked, id=7916, stack(0x0000003992c00000,0x0000003992d00000)]
  0x000001aabd74b1c0 JavaThread "Monitor Deflation Thread" daemon [_thread_blocked, id=29180, stack(0x0000003992d00000,0x0000003992e00000)]
  0x000001aabd757a40 JavaThread "C2 CompilerThread0" daemon [_thread_blocked, id=9188, stack(0x0000003992e00000,0x0000003992f00000)]
  0x000001aabd758340 JavaThread "C1 CompilerThread0" daemon [_thread_blocked, id=8000, stack(0x0000003992f00000,0x0000003993000000)]
  0x000001aabd764c60 JavaThread "Sweeper thread" daemon [_thread_blocked, id=10652, stack(0x0000003993000000,0x0000003993100000)]
  0x000001aabe36f710 JavaThread "JDWP Transport Listener: dt_socket" daemon [_thread_blocked, id=14176, stack(0x0000003993100000,0x0000003993200000)]
  0x000001aabe375a10 JavaThread "JDWP Event Helper Thread" daemon [_thread_blocked, id=27500, stack(0x0000003993200000,0x0000003993300000)]
  0x000001aabe376d20 JavaThread "JDWP Command Reader" daemon [_thread_in_native, id=18364, stack(0x0000003993300000,0x0000003993400000)]
  0x000001aabe37cac0 JavaThread "Notification Thread" daemon [_thread_blocked, id=16080, stack(0x0000003993400000,0x0000003993500000)]
  0x000001aabe3870a0 JavaThread "Common-Cleaner" daemon [_thread_blocked, id=23824, stack(0x0000003993600000,0x0000003993700000)]
  0x000001aabe8fe6d0 JavaThread "ReaderThread" [_thread_in_native, id=27220, stack(0x0000003993900000,0x0000003993a00000)]
  0x000001aabf5a4080 JavaThread "HttpClient-1-SelectorManager" daemon [_thread_in_native, id=5356, stack(0x0000003994400000,0x0000003994500000)]
  0x000001aabf6cea80 JavaThread "Exec Default Executor" daemon [_thread_in_native, id=20060, stack(0x0000003994500000,0x0000003994600000)]
  0x000001aabf1e5b60 JavaThread "Exec Stream Pumper" daemon [_thread_in_native, id=15396, stack(0x0000003994100000,0x0000003994200000)]
  0x000001aabf0c7fd0 JavaThread "Exec Stream Pumper" daemon [_thread_in_native, id=13392, stack(0x0000003994300000,0x0000003994400000)]
  0x000001aabf461700 JavaThread "Driver Service Executor" daemon [_thread_blocked, id=16844, stack(0x0000003994600000,0x0000003994700000)]
  0x000001aabf461bd0 JavaThread "Driver Service Executor" daemon [_thread_blocked, id=29452, stack(0x0000003994700000,0x0000003994800000)]
  0x000001aabf45fef0 JavaThread "HttpClient-2-SelectorManager" daemon [_thread_in_native, id=30564, stack(0x0000003994d00000,0x0000003994e00000)]
  0x000001aac304f010 JavaThread "C2 CompilerThread1" daemon [_thread_in_native, id=26892, stack(0x0000003991e00000,0x0000003991f00000)]

Other Threads:
  0x000001aabd72f1f0 VMThread "VM Thread" [stack: 0x0000003992700000,0x0000003992800000] [id=5632]
  0x000001aa9d8fb320 WatcherThread [stack: 0x0000003993500000,0x0000003993600000] [id=27916]
  0x000001aa9d8d3cb0 GCTaskThread "GC Thread#0" [stack: 0x0000003992200000,0x0000003992300000] [id=22228]
  0x000001aabf1178a0 GCTaskThread "GC Thread#1" [stack: 0x0000003993700000,0x0000003993800000] [id=25248]
  0x000001aabf07c210 GCTaskThread "GC Thread#2" [stack: 0x0000003993a00000,0x0000003993b00000] [id=3876]
  0x000001aabf045bd0 GCTaskThread "GC Thread#3" [stack: 0x0000003993b00000,0x0000003993c00000] [id=29776]
  0x000001aabf0b6880 GCTaskThread "GC Thread#4" [stack: 0x0000003993c00000,0x0000003993d00000] [id=26796]
  0x000001aabf0b6b30 GCTaskThread "GC Thread#5" [stack: 0x0000003993d00000,0x0000003993e00000] [id=19156]
  0x000001aabf0b6de0 GCTaskThread "GC Thread#6" [stack: 0x0000003993e00000,0x0000003993f00000] [id=10732]
  0x000001aabf0b90a0 GCTaskThread "GC Thread#7" [stack: 0x0000003993f00000,0x0000003994000000] [id=11604]
  0x000001aa9d8e57c0 ConcurrentGCThread "G1 Main Marker" [stack: 0x0000003992300000,0x0000003992400000] [id=26528]
  0x000001aa9d8e6970 ConcurrentGCThread "G1 Conc#0" [stack: 0x0000003992400000,0x0000003992500000] [id=25576]
  0x000001aac0cf4960 ConcurrentGCThread "G1 Conc#1" [stack: 0x0000003995200000,0x0000003995300000] [id=18920]
  0x000001aa9d94e7c0 ConcurrentGCThread "G1 Refine#0" [stack: 0x0000003992500000,0x0000003992600000] [id=8808]
  0x000001aabf082d20 ConcurrentGCThread "G1 Refine#1" [stack: 0x0000003994000000,0x0000003994100000] [id=19004]
  0x000001aabd5d6220 ConcurrentGCThread "G1 Service" [stack: 0x0000003992600000,0x0000003992700000] [id=27124]

Threads with active compile tasks:
C2 CompilerThread1  3796262 6067       4       jdk.internal.module.SystemModuleFinders$SystemModuleReader::find (59 bytes)

VM state: not at safepoint (normal execution)

VM Mutex/Monitor currently owned by a thread: None

Heap address: 0x0000000084200000, size: 1982 MB, Compressed Oops mode: 32-bit

CDS archive(s) mapped at: [0x0000000800000000-0x0000000800bc0000-0x0000000800bc0000), size 12320768, SharedBaseAddress: 0x0000000800000000, ArchiveRelocationMode: 0.
Compressed class space mapped at: 0x0000000800c00000-0x0000000840c00000, reserved size: 1073741824
Narrow klass base: 0x0000000800000000, Narrow klass shift: 0, Narrow klass range: 0x100000000

GC Precious Log:
 CPUs: 8 total, 8 available
 Memory: 7926M
 Large Page Support: Disabled
 NUMA Support: Disabled
 Compressed Oops: Enabled (32-bit)
 Heap Region Size: 1M
 Heap Min Capacity: 8M
 Heap Initial Capacity: 124M
 Heap Max Capacity: 1982M
 Pre-touch: Disabled
 Parallel Workers: 8
 Concurrent Workers: 2
 Concurrent Refinement Workers: 8
 Periodic GC: Disabled

Heap:
 garbage-first heap   total 90112K, used 59872K [0x0000000084200000, 0x0000000100000000)
  region size 1024K, 43 young (44032K), 1 survivors (1024K)
 Metaspace       used 32474K, committed 32832K, reserved 1081344K
  class space    used 3786K, committed 3968K, reserved 1048576K

Heap Regions: E=young(eden), S=young(survivor), O=old, HS=humongous(starts), HC=humongous(continues), CS=collection set, F=free, OA=open archive, CA=closed archive, TAMS=top-at-mark-start (previous, next)
|   0|0x0000000084200000, 0x0000000084300000, 0x0000000084300000|100%| O|  |TAMS 0x0000000084300000, 0x0000000084200000| Untracked 
|   1|0x0000000084300000, 0x0000000084400000, 0x0000000084400000|100%| O|  |TAMS 0x0000000084400000, 0x0000000084300000| Untracked 
|   2|0x0000000084400000, 0x0000000084500000, 0x0000000084500000|100%| O|  |TAMS 0x0000000084500000, 0x0000000084400000| Untracked 
|   3|0x0000000084500000, 0x0000000084600000, 0x0000000084600000|100%| O|  |TAMS 0x0000000084600000, 0x0000000084500000| Untracked 
|   4|0x0000000084600000, 0x0000000084700000, 0x0000000084700000|100%| O|  |TAMS 0x0000000084700000, 0x0000000084600000| Untracked 
|   5|0x0000000084700000, 0x0000000084800000, 0x0000000084800000|100%| O|  |TAMS 0x0000000084800000, 0x0000000084700000| Untracked 
|   6|0x0000000084800000, 0x0000000084900000, 0x0000000084900000|100%| O|  |TAMS 0x0000000084900000, 0x0000000084800000| Untracked 
|   7|0x0000000084900000, 0x00000000849b0a00, 0x0000000084a00000| 68%| O|  |TAMS 0x00000000849b0a00, 0x0000000084900000| Untracked 
|   8|0x0000000084a00000, 0x0000000084b00000, 0x0000000084b00000|100%| O|  |TAMS 0x0000000084a00000, 0x0000000084a00000| Untracked 
|   9|0x0000000084b00000, 0x0000000084c00000, 0x0000000084c00000|100%| O|  |TAMS 0x0000000084b00000, 0x0000000084b00000| Untracked 
|  10|0x0000000084c00000, 0x0000000084d00000, 0x0000000084d00000|100%| O|  |TAMS 0x0000000084c00000, 0x0000000084c00000| Untracked 
|  11|0x0000000084d00000, 0x0000000084e00000, 0x0000000084e00000|100%| O|  |TAMS 0x0000000084d00000, 0x0000000084d00000| Untracked 
|  12|0x0000000084e00000, 0x0000000084f00000, 0x0000000084f00000|100%| O|  |TAMS 0x0000000084e00000, 0x0000000084e00000| Untracked 
|  13|0x0000000084f00000, 0x0000000085000000, 0x0000000085000000|100%| O|  |TAMS 0x0000000084f00000, 0x0000000084f00000| Untracked 
|  14|0x0000000085000000, 0x0000000085100000, 0x0000000085100000|100%| O|  |TAMS 0x0000000085000000, 0x0000000085000000| Untracked 
|  15|0x0000000085100000, 0x0000000085200000, 0x0000000085200000|100%| O|  |TAMS 0x0000000085100000, 0x0000000085100000| Untracked 
|  16|0x0000000085200000, 0x0000000085300000, 0x0000000085300000|100%| O|  |TAMS 0x0000000085200000, 0x0000000085200000| Untracked 
|  17|0x0000000085300000, 0x0000000085400000, 0x0000000085400000|100%| O|  |TAMS 0x0000000085300000, 0x0000000085300000| Untracked 
|  18|0x0000000085400000, 0x0000000085430200, 0x0000000085500000| 18%| O|  |TAMS 0x0000000085400000, 0x0000000085400000| Untracked 
|  19|0x0000000085500000, 0x0000000085500000, 0x0000000085600000|  0%| F|  |TAMS 0x0000000085500000, 0x0000000085500000| Untracked 
|  20|0x0000000085600000, 0x0000000085600000, 0x0000000085700000|  0%| F|  |TAMS 0x0000000085600000, 0x0000000085600000| Untracked 
|  21|0x0000000085700000, 0x0000000085700000, 0x0000000085800000|  0%| F|  |TAMS 0x0000000085700000, 0x0000000085700000| Untracked 
|  22|0x0000000085800000, 0x0000000085800000, 0x0000000085900000|  0%| F|  |TAMS 0x0000000085800000, 0x0000000085800000| Untracked 
|  23|0x0000000085900000, 0x0000000085900000, 0x0000000085a00000|  0%| F|  |TAMS 0x0000000085900000, 0x0000000085900000| Untracked 
|  24|0x0000000085a00000, 0x0000000085a00000, 0x0000000085b00000|  0%| F|  |TAMS 0x0000000085a00000, 0x0000000085a00000| Untracked 
|  25|0x0000000085b00000, 0x0000000085b00000, 0x0000000085c00000|  0%| F|  |TAMS 0x0000000085b00000, 0x0000000085b00000| Untracked 
|  26|0x0000000085c00000, 0x0000000085c00000, 0x0000000085d00000|  0%| F|  |TAMS 0x0000000085c00000, 0x0000000085c00000| Untracked 
|  27|0x0000000085d00000, 0x0000000085d00000, 0x0000000085e00000|  0%| F|  |TAMS 0x0000000085d00000, 0x0000000085d00000| Untracked 
|  28|0x0000000085e00000, 0x0000000085e00000, 0x0000000085f00000|  0%| F|  |TAMS 0x0000000085e00000, 0x0000000085e00000| Untracked 
|  29|0x0000000085f00000, 0x0000000085f00000, 0x0000000086000000|  0%| F|  |TAMS 0x0000000085f00000, 0x0000000085f00000| Untracked 
|  30|0x0000000086000000, 0x0000000086000000, 0x0000000086100000|  0%| F|  |TAMS 0x0000000086000000, 0x0000000086000000| Untracked 
|  31|0x0000000086100000, 0x0000000086100000, 0x0000000086200000|  0%| F|  |TAMS 0x0000000086100000, 0x0000000086100000| Untracked 
|  32|0x0000000086200000, 0x0000000086200000, 0x0000000086300000|  0%| F|  |TAMS 0x0000000086200000, 0x0000000086200000| Untracked 
|  33|0x0000000086300000, 0x0000000086300000, 0x0000000086400000|  0%| F|  |TAMS 0x0000000086300000, 0x0000000086300000| Untracked 
|  34|0x0000000086400000, 0x0000000086400000, 0x0000000086500000|  0%| F|  |TAMS 0x0000000086400000, 0x0000000086400000| Untracked 
|  35|0x0000000086500000, 0x0000000086500000, 0x0000000086600000|  0%| F|  |TAMS 0x0000000086500000, 0x0000000086500000| Untracked 
|  36|0x0000000086600000, 0x00000000866977e8, 0x0000000086700000| 59%| S|CS|TAMS 0x0000000086600000, 0x0000000086600000| Complete 
|  37|0x0000000086700000, 0x0000000086700000, 0x0000000086800000|  0%| F|  |TAMS 0x0000000086700000, 0x0000000086700000| Untracked 
|  38|0x0000000086800000, 0x0000000086800000, 0x0000000086900000|  0%| F|  |TAMS 0x0000000086800000, 0x0000000086800000| Untracked 
|  39|0x0000000086900000, 0x0000000086900000, 0x0000000086a00000|  0%| F|  |TAMS 0x0000000086900000, 0x0000000086900000| Untracked 
|  40|0x0000000086a00000, 0x0000000086a00000, 0x0000000086b00000|  0%| F|  |TAMS 0x0000000086a00000, 0x0000000086a00000| Untracked 
|  41|0x0000000086b00000, 0x0000000086b00000, 0x0000000086c00000|  0%| F|  |TAMS 0x0000000086b00000, 0x0000000086b00000| Untracked 
|  42|0x0000000086c00000, 0x0000000086c00000, 0x0000000086d00000|  0%| F|  |TAMS 0x0000000086c00000, 0x0000000086c00000| Untracked 
|  43|0x0000000086d00000, 0x0000000086d00000, 0x0000000086e00000|  0%| F|  |TAMS 0x0000000086d00000, 0x0000000086d00000| Untracked 
|  44|0x0000000086e00000, 0x0000000086e00000, 0x0000000086f00000|  0%| F|  |TAMS 0x0000000086e00000, 0x0000000086e00000| Untracked 
|  45|0x0000000086f00000, 0x0000000086f00000, 0x0000000087000000|  0%| F|  |TAMS 0x0000000086f00000, 0x0000000086f00000| Untracked 
|  46|0x0000000087000000, 0x0000000087100000, 0x0000000087100000|100%| E|  |TAMS 0x0000000087000000, 0x0000000087000000| Complete 
|  47|0x0000000087100000, 0x0000000087200000, 0x0000000087200000|100%| E|CS|TAMS 0x0000000087100000, 0x0000000087100000| Complete 
|  48|0x0000000087200000, 0x0000000087300000, 0x0000000087300000|100%| E|CS|TAMS 0x0000000087200000, 0x0000000087200000| Complete 
|  49|0x0000000087300000, 0x0000000087400000, 0x0000000087400000|100%| E|CS|TAMS 0x0000000087300000, 0x0000000087300000| Complete 
|  50|0x0000000087400000, 0x0000000087500000, 0x0000000087500000|100%| E|CS|TAMS 0x0000000087400000, 0x0000000087400000| Complete 
|  51|0x0000000087500000, 0x0000000087600000, 0x0000000087600000|100%| E|CS|TAMS 0x0000000087500000, 0x0000000087500000| Complete 
|  52|0x0000000087600000, 0x0000000087700000, 0x0000000087700000|100%| E|CS|TAMS 0x0000000087600000, 0x0000000087600000| Complete 
|  53|0x0000000087700000, 0x0000000087800000, 0x0000000087800000|100%| E|CS|TAMS 0x0000000087700000, 0x0000000087700000| Complete 
|  54|0x0000000087800000, 0x0000000087900000, 0x0000000087900000|100%| E|CS|TAMS 0x0000000087800000, 0x0000000087800000| Complete 
|  55|0x0000000087900000, 0x0000000087a00000, 0x0000000087a00000|100%| E|CS|TAMS 0x0000000087900000, 0x0000000087900000| Complete 
|  56|0x0000000087a00000, 0x0000000087b00000, 0x0000000087b00000|100%| E|CS|TAMS 0x0000000087a00000, 0x0000000087a00000| Complete 
|  57|0x0000000087b00000, 0x0000000087c00000, 0x0000000087c00000|100%| E|CS|TAMS 0x0000000087b00000, 0x0000000087b00000| Complete 
|  58|0x0000000087c00000, 0x0000000087d00000, 0x0000000087d00000|100%| E|CS|TAMS 0x0000000087c00000, 0x0000000087c00000| Complete 
|  59|0x0000000087d00000, 0x0000000087e00000, 0x0000000087e00000|100%| E|  |TAMS 0x0000000087d00000, 0x0000000087d00000| Complete 
|  60|0x0000000087e00000, 0x0000000087f00000, 0x0000000087f00000|100%| E|CS|TAMS 0x0000000087e00000, 0x0000000087e00000| Complete 
|  61|0x0000000087f00000, 0x0000000088000000, 0x0000000088000000|100%| E|CS|TAMS 0x0000000087f00000, 0x0000000087f00000| Complete 
|  62|0x0000000088000000, 0x0000000088100000, 0x0000000088100000|100%| E|CS|TAMS 0x0000000088000000, 0x0000000088000000| Complete 
|  63|0x0000000088100000, 0x0000000088200000, 0x0000000088200000|100%| E|CS|TAMS 0x0000000088100000, 0x0000000088100000| Complete 
|  64|0x0000000088200000, 0x0000000088300000, 0x0000000088300000|100%| E|CS|TAMS 0x0000000088200000, 0x0000000088200000| Complete 
|  65|0x0000000088300000, 0x0000000088400000, 0x0000000088400000|100%| E|CS|TAMS 0x0000000088300000, 0x0000000088300000| Complete 
|  66|0x0000000088400000, 0x0000000088500000, 0x0000000088500000|100%| E|CS|TAMS 0x0000000088400000, 0x0000000088400000| Complete 
|  67|0x0000000088500000, 0x0000000088600000, 0x0000000088600000|100%| E|CS|TAMS 0x0000000088500000, 0x0000000088500000| Complete 
|  68|0x0000000088600000, 0x0000000088700000, 0x0000000088700000|100%| E|CS|TAMS 0x0000000088600000, 0x0000000088600000| Complete 
|  69|0x0000000088700000, 0x0000000088800000, 0x0000000088800000|100%| E|CS|TAMS 0x0000000088700000, 0x0000000088700000| Complete 
|  70|0x0000000088800000, 0x0000000088900000, 0x0000000088900000|100%| E|CS|TAMS 0x0000000088800000, 0x0000000088800000| Complete 
|  71|0x0000000088900000, 0x0000000088a00000, 0x0000000088a00000|100%| E|CS|TAMS 0x0000000088900000, 0x0000000088900000| Complete 
|  72|0x0000000088a00000, 0x0000000088b00000, 0x0000000088b00000|100%| E|CS|TAMS 0x0000000088a00000, 0x0000000088a00000| Complete 
|  73|0x0000000088b00000, 0x0000000088c00000, 0x0000000088c00000|100%| E|CS|TAMS 0x0000000088b00000, 0x0000000088b00000| Complete 
|  74|0x0000000088c00000, 0x0000000088d00000, 0x0000000088d00000|100%| E|CS|TAMS 0x0000000088c00000, 0x0000000088c00000| Complete 
|  75|0x0000000088d00000, 0x0000000088e00000, 0x0000000088e00000|100%| E|CS|TAMS 0x0000000088d00000, 0x0000000088d00000| Complete 
|  76|0x0000000088e00000, 0x0000000088f00000, 0x0000000088f00000|100%| E|CS|TAMS 0x0000000088e00000, 0x0000000088e00000| Complete 
|  77|0x0000000088f00000, 0x0000000089000000, 0x0000000089000000|100%| E|CS|TAMS 0x0000000088f00000, 0x0000000088f00000| Complete 
|  78|0x0000000089000000, 0x0000000089100000, 0x0000000089100000|100%| E|CS|TAMS 0x0000000089000000, 0x0000000089000000| Complete 
|  79|0x0000000089100000, 0x0000000089200000, 0x0000000089200000|100%| E|CS|TAMS 0x0000000089100000, 0x0000000089100000| Complete 
|  80|0x0000000089200000, 0x0000000089300000, 0x0000000089300000|100%| E|CS|TAMS 0x0000000089200000, 0x0000000089200000| Complete 
|  81|0x0000000089300000, 0x0000000089400000, 0x0000000089400000|100%| E|CS|TAMS 0x0000000089300000, 0x0000000089300000| Complete 
|  93|0x0000000089f00000, 0x000000008a000000, 0x000000008a000000|100%| E|CS|TAMS 0x0000000089f00000, 0x0000000089f00000| Complete 
|  94|0x000000008a000000, 0x000000008a100000, 0x000000008a100000|100%| E|CS|TAMS 0x000000008a000000, 0x000000008a000000| Complete 
|  98|0x000000008a400000, 0x000000008a500000, 0x000000008a500000|100%| E|CS|TAMS 0x000000008a400000, 0x000000008a400000| Complete 
|  99|0x000000008a500000, 0x000000008a600000, 0x000000008a600000|100%| E|CS|TAMS 0x000000008a500000, 0x000000008a500000| Complete 
| 100|0x000000008a600000, 0x000000008a700000, 0x000000008a700000|100%| E|CS|TAMS 0x000000008a600000, 0x000000008a600000| Complete 
| 123|0x000000008bd00000, 0x000000008be00000, 0x000000008be00000|100%| E|CS|TAMS 0x000000008bd00000, 0x000000008bd00000| Complete 

Card table byte_map: [0x000001aab66f0000,0x000001aab6ad0000] _byte_map_base: 0x000001aab62cf000

Marking Bits (Prev, Next): (CMBitMap*) 0x000001aa9d8d5710, (CMBitMap*) 0x000001aa9d8d56d0
 Prev Bits: [0x000001aab8db0000, 0x000001aabaca8000)
 Next Bits: [0x000001aab6eb0000, 0x000001aab8da8000)

Polling page: 0x000001aa9d950000

Metaspace:

Usage:
  Non-class:     28.02 MB used.
      Class:      3.70 MB used.
       Both:     31.71 MB used.

Virtual space:
  Non-class space:       32.00 MB reserved,      28.19 MB ( 88%) committed,  4 nodes.
      Class space:        1.00 GB reserved,       3.88 MB ( <1%) committed,  1 nodes.
             Both:        1.03 GB reserved,      32.06 MB (  3%) committed. 

Chunk freelists:
   Non-Class:  3.30 MB
       Class:  176.00 KB
        Both:  3.47 MB

MaxMetaspaceSize: unlimited
CompressedClassSpaceSize: 1.00 GB
Initial GC threshold: 21.00 MB
Current GC threshold: 35.25 MB
CDS: on
MetaspaceReclaimPolicy: balanced
 - commit_granule_bytes: 65536.
 - commit_granule_words: 8192.
 - virtual_space_node_default_size: 1048576.
 - enlarge_chunks_in_place: 1.
 - new_chunks_are_fully_committed: 0.
 - uncommit_free_chunks: 1.
 - use_allocation_guard: 0.
 - handle_deallocations: 1.


Internal statistics:

num_allocs_failed_limit: 3.
num_arena_births: 404.
num_arena_deaths: 0.
num_vsnodes_births: 5.
num_vsnodes_deaths: 0.
num_space_committed: 513.
num_space_uncommitted: 0.
num_chunks_returned_to_freelist: 3.
num_chunks_taken_from_freelist: 1436.
num_chunk_merges: 0.
num_chunk_splits: 899.
num_chunks_enlarged: 625.
num_purges: 0.
num_inconsistent_stats: 0.

CodeHeap 'non-profiled nmethods': size=120000Kb used=3122Kb max_used=3122Kb free=116877Kb
 bounds [0x000001aaae370000, 0x000001aaae680000, 0x000001aab58a0000]
CodeHeap 'profiled nmethods': size=120000Kb used=14307Kb max_used=14307Kb free=105692Kb
 bounds [0x000001aaa6e40000, 0x000001aaa7c40000, 0x000001aaae370000]
CodeHeap 'non-nmethods': size=5760Kb used=1380Kb max_used=1473Kb free=4379Kb
 bounds [0x000001aaa68a0000, 0x000001aaa6b10000, 0x000001aaa6e40000]
 total_blobs=6682 nmethods=6062 adapters=531
 compilation: enabled
              stopped_count=0, restarted_count=0
 full_count=0

Compilation events (20 events):
Event: 3796.146 Thread 0x000001aac304f010 6068       4       java.util.HashMap::afterNodeRemoval (1 bytes)
Event: 3796.146 Thread 0x000001aac304f010 nmethod 6068 0x000001aaae679a90 code [0x000001aaae679c00, 0x000001aaae679c78]
Event: 3796.146 Thread 0x000001aac304f010 6067       4       jdk.internal.module.SystemModuleFinders$SystemModuleReader::find (59 bytes)
Event: 3796.147 Thread 0x000001aabd758340 nmethod 6070 0x000001aaa7c2f790 code [0x000001aaa7c2fb00, 0x000001aaa7c31148]
Event: 3796.149 Thread 0x000001aabd758340 6071       3       org.apache.xmlbeans.impl.schema.XsbReader::readSOAPArrayType (26 bytes)
Event: 3796.149 Thread 0x000001aabd758340 nmethod 6071 0x000001aaa7c31a10 code [0x000001aaa7c31c20, 0x000001aaa7c321b8]
Event: 3796.149 Thread 0x000001aabd758340 6072       3       org.apache.xmlbeans.impl.schema.XsbReader::readPropertyData (268 bytes)
Event: 3796.152 Thread 0x000001aabd758340 nmethod 6072 0x000001aaa7c32410 code [0x000001aaa7c32b80, 0x000001aaa7c36798]
Event: 3796.152 Thread 0x000001aabd758340 6073       3       org.apache.xmlbeans.impl.schema.SchemaPropertyImpl::<init> (5 bytes)
Event: 3796.152 Thread 0x000001aabd758340 nmethod 6073 0x000001aaa7c37a90 code [0x000001aaa7c37c20, 0x000001aaa7c37d78]
Event: 3796.162 Thread 0x000001aabd758340 6075       3       java.io.FilterInputStream::<init> (10 bytes)
Event: 3796.162 Thread 0x000001aabd758340 nmethod 6075 0x000001aaa7c37e10 code [0x000001aaa7c37fc0, 0x000001aaa7c38218]
Event: 3796.184 Thread 0x000001aabd758340 6076       3       java.lang.Character::isLetterOrDigit (5 bytes)
Event: 3796.184 Thread 0x000001aabd758340 nmethod 6076 0x000001aaa7c38310 code [0x000001aaa7c384e0, 0x000001aaa7c387f8]
Event: 3796.184 Thread 0x000001aabd758340 6077       3       java.lang.Character::isLetterOrDigit (19 bytes)
Event: 3796.184 Thread 0x000001aabd758340 nmethod 6077 0x000001aaa7c38910 code [0x000001aaa7c38ac0, 0x000001aaa7c38d78]
Event: 3796.195 Thread 0x000001aabd757a40 nmethod 6062 0x000001aaae679d90 code [0x000001aaae679f40, 0x000001aaae67b518]
Event: 3796.195 Thread 0x000001aabd757a40 6064       4       org.apache.xmlbeans.impl.store.Xobj::isContainer (8 bytes)
Event: 3796.196 Thread 0x000001aabd757a40 nmethod 6064 0x000001aaae67be90 code [0x000001aaae67c000, 0x000001aaae67c098]
Event: 3796.196 Thread 0x000001aabd757a40 6074       4       java.lang.Character::getType (9 bytes)

GC Heap History (20 events):
Event: 5.020 GC heap before
{Heap before GC invocations=2 (full 0):
 garbage-first heap   total 126976K, used 33345K [0x0000000084200000, 0x0000000100000000)
  region size 1024K, 26 young (26624K), 3 survivors (3072K)
 Metaspace       used 21155K, committed 21504K, reserved 1073152K
  class space    used 2614K, committed 2816K, reserved 1048576K
}
Event: 5.023 GC heap after
{Heap after GC invocations=3 (full 0):
 garbage-first heap   total 126976K, used 12711K [0x0000000084200000, 0x0000000100000000)
  region size 1024K, 5 young (5120K), 5 survivors (5120K)
 Metaspace       used 21155K, committed 21504K, reserved 1073152K
  class space    used 2614K, committed 2816K, reserved 1048576K
}
Event: 5.559 GC heap before
{Heap before GC invocations=4 (full 0):
 garbage-first heap   total 48128K, used 35239K [0x0000000084200000, 0x0000000100000000)
  region size 1024K, 28 young (28672K), 5 survivors (5120K)
 Metaspace       used 26976K, committed 27264K, reserved 1073152K
  class space    used 3315K, committed 3456K, reserved 1048576K
}
Event: 5.563 GC heap after
{Heap after GC invocations=5 (full 0):
 garbage-first heap   total 48128K, used 14627K [0x0000000084200000, 0x0000000100000000)
  region size 1024K, 4 young (4096K), 4 survivors (4096K)
 Metaspace       used 26976K, committed 27264K, reserved 1073152K
  class space    used 3315K, committed 3456K, reserved 1048576K
}
Event: 5.581 GC heap before
{Heap before GC invocations=5 (full 0):
 garbage-first heap   total 48128K, used 32035K [0x0000000084200000, 0x0000000100000000)
  region size 1024K, 21 young (21504K), 4 survivors (4096K)
 Metaspace       used 26995K, committed 27264K, reserved 1073152K
  class space    used 3315K, committed 3456K, reserved 1048576K
}
Event: 5.584 GC heap after
{Heap after GC invocations=6 (full 0):
 garbage-first heap   total 48128K, used 15021K [0x0000000084200000, 0x0000000100000000)
  region size 1024K, 1 young (1024K), 1 survivors (1024K)
 Metaspace       used 26995K, committed 27264K, reserved 1073152K
  class space    used 3315K, committed 3456K, reserved 1048576K
}
Event: 5.598 GC heap before
{Heap before GC invocations=6 (full 0):
 garbage-first heap   total 48128K, used 33453K [0x0000000084200000, 0x0000000100000000)
  region size 1024K, 19 young (19456K), 1 survivors (1024K)
 Metaspace       used 26995K, committed 27264K, reserved 1073152K
  class space    used 3315K, committed 3456K, reserved 1048576K
}
Event: 5.599 GC heap after
{Heap after GC invocations=7 (full 0):
 garbage-first heap   total 48128K, used 15400K [0x0000000084200000, 0x0000000100000000)
  region size 1024K, 2 young (2048K), 2 survivors (2048K)
 Metaspace       used 26995K, committed 27264K, reserved 1073152K
  class space    used 3315K, committed 3456K, reserved 1048576K
}
Event: 5.801 GC heap before
{Heap before GC invocations=7 (full 0):
 garbage-first heap   total 48128K, used 33832K [0x0000000084200000, 0x0000000100000000)
  region size 1024K, 20 young (20480K), 2 survivors (2048K)
 Metaspace       used 28984K, committed 29312K, reserved 1081344K
  class space    used 3557K, committed 3712K, reserved 1048576K
}
Event: 5.803 GC heap after
{Heap after GC invocations=8 (full 0):
 garbage-first heap   total 48128K, used 16291K [0x0000000084200000, 0x0000000100000000)
  region size 1024K, 3 young (3072K), 3 survivors (3072K)
 Metaspace       used 28984K, committed 29312K, reserved 1081344K
  class space    used 3557K, committed 3712K, reserved 1048576K
}
Event: 6.071 GC heap before
{Heap before GC invocations=8 (full 0):
 garbage-first heap   total 48128K, used 34723K [0x0000000084200000, 0x0000000100000000)
  region size 1024K, 21 young (21504K), 3 survivors (3072K)
 Metaspace       used 30273K, committed 30592K, reserved 1081344K
  class space    used 3688K, committed 3840K, reserved 1048576K
}
Event: 6.074 GC heap after
{Heap after GC invocations=9 (full 0):
 garbage-first heap   total 48128K, used 18312K [0x0000000084200000, 0x0000000100000000)
  region size 1024K, 3 young (3072K), 3 survivors (3072K)
 Metaspace       used 30273K, committed 30592K, reserved 1081344K
  class space    used 3688K, committed 3840K, reserved 1048576K
}
Event: 6.186 GC heap before
{Heap before GC invocations=9 (full 0):
 garbage-first heap   total 48128K, used 35720K [0x0000000084200000, 0x0000000100000000)
  region size 1024K, 20 young (20480K), 3 survivors (3072K)
 Metaspace       used 30494K, committed 30784K, reserved 1081344K
  class space    used 3689K, committed 3840K, reserved 1048576K
}
Event: 6.189 GC heap after
{Heap after GC invocations=10 (full 0):
 garbage-first heap   total 90112K, used 19581K [0x0000000084200000, 0x0000000100000000)
  region size 1024K, 2 young (2048K), 2 survivors (2048K)
 Metaspace       used 30494K, committed 30784K, reserved 1081344K
  class space    used 3689K, committed 3840K, reserved 1048576K
}
Event: 124.715 GC heap before
{Heap before GC invocations=10 (full 0):
 garbage-first heap   total 90112K, used 65661K [0x0000000084200000, 0x0000000100000000)
  region size 1024K, 48 young (49152K), 2 survivors (2048K)
 Metaspace       used 31395K, committed 31744K, reserved 1081344K
  class space    used 3712K, committed 3840K, reserved 1048576K
}
Event: 124.718 GC heap after
{Heap after GC invocations=11 (full 0):
 garbage-first heap   total 90112K, used 19030K [0x0000000084200000, 0x0000000100000000)
  region size 1024K, 1 young (1024K), 1 survivors (1024K)
 Metaspace       used 31395K, committed 31744K, reserved 1081344K
  class space    used 3712K, committed 3840K, reserved 1048576K
}
Event: 496.795 GC heap before
{Heap before GC invocations=11 (full 0):
 garbage-first heap   total 90112K, used 70230K [0x0000000084200000, 0x0000000100000000)
  region size 1024K, 52 young (53248K), 1 survivors (1024K)
 Metaspace       used 31849K, committed 32192K, reserved 1081344K
  class space    used 3713K, committed 3840K, reserved 1048576K
}
Event: 496.800 GC heap after
{Heap after GC invocations=12 (full 0):
 garbage-first heap   total 90112K, used 18943K [0x0000000084200000, 0x0000000100000000)
  region size 1024K, 1 young (1024K), 1 survivors (1024K)
 Metaspace       used 31849K, committed 32192K, reserved 1081344K
  class space    used 3713K, committed 3840K, reserved 1048576K
}
Event: 1503.129 GC heap before
{Heap before GC invocations=12 (full 0):
 garbage-first heap   total 90112K, used 70143K [0x0000000084200000, 0x0000000100000000)
  region size 1024K, 52 young (53248K), 1 survivors (1024K)
 Metaspace       used 32072K, committed 32384K, reserved 1081344K
  class space    used 3714K, committed 3840K, reserved 1048576K
}
Event: 1503.138 GC heap after
{Heap after GC invocations=13 (full 0):
 garbage-first heap   total 90112K, used 18912K [0x0000000084200000, 0x0000000100000000)
  region size 1024K, 1 young (1024K), 1 survivors (1024K)
 Metaspace       used 32072K, committed 32384K, reserved 1081344K
  class space    used 3714K, committed 3840K, reserved 1048576K
}

Deoptimization events (20 events):
Event: 1503.112 Thread 0x000001aabf5a4080 Uncommon trap: trap_request=0xffffff45 fr.pc=0x000001aaae62c6f0 relative=0x0000000000000230
Event: 1503.112 Thread 0x000001aabf5a4080 Uncommon trap: reason=unstable_if action=reinterpret pc=0x000001aaae62c6f0 method=java.util.concurrent.SynchronousQueue.offer(Ljava/lang/Object;)Z @ 22 c2
Event: 1503.112 Thread 0x000001aabf5a4080 DEOPT PACKING pc=0x000001aaae62c6f0 sp=0x00000039944fec20
Event: 1503.112 Thread 0x000001aabf5a4080 DEOPT UNPACKING pc=0x000001aaa68f5c23 sp=0x00000039944feb10 mode 2
Event: 3462.216 Thread 0x000001aac13ce340 Uncommon trap: trap_request=0xffffff45 fr.pc=0x000001aaae6222e0 relative=0x0000000000000300
Event: 3462.216 Thread 0x000001aac13ce340 Uncommon trap: reason=unstable_if action=reinterpret pc=0x000001aaae6222e0 method=java.util.concurrent.CompletableFuture.unipush(Ljava/util/concurrent/CompletableFuture$Completion;)V @ 34 c2
Event: 3462.217 Thread 0x000001aac13ce340 DEOPT PACKING pc=0x000001aaae6222e0 sp=0x0000003991efe4f0
Event: 3462.217 Thread 0x000001aac13ce340 DEOPT UNPACKING pc=0x000001aaa68f5c23 sp=0x0000003991efe440 mode 2
Event: 3462.217 Thread 0x000001aac13ce340 Uncommon trap: trap_request=0xffffff45 fr.pc=0x000001aaae66a810 relative=0x0000000000000470
Event: 3462.217 Thread 0x000001aac13ce340 Uncommon trap: reason=unstable_if action=reinterpret pc=0x000001aaae66a810 method=java.util.concurrent.CompletableFuture.postFire(Ljava/util/concurrent/CompletableFuture;I)Ljava/util/concurrent/CompletableFuture; @ 8 c2
Event: 3462.217 Thread 0x000001aac13ce340 DEOPT PACKING pc=0x000001aaae66a810 sp=0x0000003991efe3c0
Event: 3462.217 Thread 0x000001aac13ce340 DEOPT UNPACKING pc=0x000001aaa68f5c23 sp=0x0000003991efe340 mode 2
Event: 3542.351 Thread 0x000001aac13ccb30 Uncommon trap: trap_request=0xffffff45 fr.pc=0x000001aaae5e44e8 relative=0x0000000000000268
Event: 3542.351 Thread 0x000001aac13ccb30 Uncommon trap: reason=unstable_if action=reinterpret pc=0x000001aaae5e44e8 method=java.util.concurrent.CompletableFuture.unipush(Ljava/util/concurrent/CompletableFuture$Completion;)V @ 34 c2
Event: 3542.351 Thread 0x000001aac13ccb30 DEOPT PACKING pc=0x000001aaae5e44e8 sp=0x00000039920fe9c0
Event: 3542.351 Thread 0x000001aac13ccb30 DEOPT UNPACKING pc=0x000001aaa68f5c23 sp=0x00000039920fe970 mode 2
Event: 3542.351 Thread 0x000001aac13ccb30 Uncommon trap: trap_request=0xffffff45 fr.pc=0x000001aaae5e96c0 relative=0x0000000000000220
Event: 3542.351 Thread 0x000001aac13ccb30 Uncommon trap: reason=unstable_if action=reinterpret pc=0x000001aaae5e96c0 method=java.util.concurrent.CompletableFuture.postFire(Ljava/util/concurrent/CompletableFuture;I)Ljava/util/concurrent/CompletableFuture; @ 8 c2
Event: 3542.351 Thread 0x000001aac13ccb30 DEOPT PACKING pc=0x000001aaae5e96c0 sp=0x00000039920fe8a0
Event: 3542.352 Thread 0x000001aac13ccb30 DEOPT UNPACKING pc=0x000001aaa68f5c23 sp=0x00000039920fe870 mode 2

Classes unloaded (0 events):
No events

Classes redefined (11 events):
Event: 1499.083 Thread 0x000001aabd72f1f0 redefined class name=com.seo.regression.testing.EditProfileLocator, count=1
Event: 1666.744 Thread 0x000001aabd72f1f0 redefined class name=com.seo.regression.testing.EditProfileLocator, count=2
Event: 2838.822 Thread 0x000001aabd72f1f0 redefined class name=com.seo.regression.testing.EditProfileLocator, count=3
Event: 2996.648 Thread 0x000001aabd72f1f0 redefined class name=com.seo.regression.testing.EditProfileLocator, count=4
Event: 3070.130 Thread 0x000001aabd72f1f0 redefined class name=com.seo.regression.testing.EditProfileLocator, count=5
Event: 3240.414 Thread 0x000001aabd72f1f0 redefined class name=com.seo.regression.testing.EditProfileLocator, count=6
Event: 3262.083 Thread 0x000001aabd72f1f0 redefined class name=com.seo.regression.testing.EditProfileLocator, count=7
Event: 3712.430 Thread 0x000001aabd72f1f0 redefined class name=com.seo.regression.testing.EditProfileLocator, count=8
Event: 3733.093 Thread 0x000001aabd72f1f0 redefined class name=com.seo.regression.testing.EditProfileLocator, count=9
Event: 3739.266 Thread 0x000001aabd72f1f0 redefined class name=com.seo.regression.testing.EditProfileLocator, count=10
Event: 3791.911 Thread 0x000001aabd72f1f0 redefined class name=com.seo.regression.testing.EditProfileLocator, count=11

Internal exceptions (20 events):
Event: 4.865 Thread 0x000001aa9d896230 Exception <a 'java/lang/IncompatibleClassChangeError'{0x000000008b178508}: Found class java.lang.Object, but interface was expected> (0x000000008b178508) 
thrown [t:\workspace\open\src\hotspot\share\interpreter\linkResolver.cpp, line 833]
Event: 4.867 Thread 0x000001aa9d896230 Exception <a 'java/lang/NoSuchMethodError'{0x000000008b193dc8}: 'java.lang.Object java.lang.invoke.DirectMethodHandle$Holder.newInvokeSpecial(java.lang.Object, java.lang.Object, java.lang.Object, int, java.lang.Object)'> (0x000000008b193dc8) 
thrown [t:\workspace\open\src\hotspot\share\interpreter\linkResolver.cpp, line 766]
Event: 4.868 Thread 0x000001aa9d896230 Exception <a 'java/lang/NoSuchMethodError'{0x000000008b19ba40}: 'java.lang.Object java.lang.invoke.Invokers$Holder.linkToTargetMethod(java.lang.Object, java.lang.Object, int, java.lang.Object, java.lang.Object)'> (0x000000008b19ba40) 
thrown [t:\workspace\open\src\hotspot\share\interpreter\linkResolver.cpp, line 766]
Event: 4.974 Thread 0x000001aa9d896230 Exception <a 'java/lang/NoSuchMethodError'{0x000000008a92b3b0}: 'java.lang.Object java.lang.invoke.DirectMethodHandle$Holder.newInvokeSpecial(java.lang.Object, long, int, java.lang.Object)'> (0x000000008a92b3b0) 
thrown [t:\workspace\open\src\hotspot\share\interpreter\linkResolver.cpp, line 766]
Event: 4.981 Thread 0x000001aa9d896230 Exception <a 'java/lang/NoSuchMethodError'{0x000000008a994948}: 'void java.lang.invoke.DirectMethodHandle$Holder.invokeStaticInit(java.lang.Object, java.lang.Object, java.lang.Object, java.lang.Object)'> (0x000000008a994948) 
thrown [t:\workspace\open\src\hotspot\share\interpreter\linkResolver.cpp, line 766]
Event: 5.090 Thread 0x000001aa9d896230 Exception <a 'java/lang/NoSuchMethodError'{0x0000000086953650}: 'int java.lang.invoke.DirectMethodHandle$Holder.invokeInterface(java.lang.Object, java.lang.Object)'> (0x0000000086953650) 
thrown [t:\workspace\open\src\hotspot\share\interpreter\linkResolver.cpp, line 766]
Event: 5.090 Thread 0x000001aa9d896230 Exception <a 'java/lang/IncompatibleClassChangeError'{0x0000000086956be0}: Found class java.lang.Object, but interface was expected> (0x0000000086956be0) 
thrown [t:\workspace\open\src\hotspot\share\interpreter\linkResolver.cpp, line 833]
Event: 5.212 Thread 0x000001aa9d896230 Exception <a 'java/lang/NoSuchMethodError'{0x0000000086314e30}: 'void java.lang.invoke.DirectMethodHandle$Holder.invokeVirtual(java.lang.Object, java.lang.Object, java.lang.Object, java.lang.Object)'> (0x0000000086314e30) 
thrown [t:\workspace\open\src\hotspot\share\interpreter\linkResolver.cpp, line 766]
Event: 5.218 Thread 0x000001aa9d896230 Exception <a 'java/lang/NoSuchMethodError'{0x0000000086346d70}: 'void java.lang.invoke.DirectMethodHandle$Holder.invokeStatic(java.lang.Object, java.lang.Object, java.lang.Object, int)'> (0x0000000086346d70) 
thrown [t:\workspace\open\src\hotspot\share\interpreter\linkResolver.cpp, line 766]
Event: 5.219 Thread 0x000001aa9d896230 Exception <a 'java/lang/NoSuchMethodError'{0x000000008634a4d8}: 'void java.lang.invoke.DirectMethodHandle$Holder.invokeStaticInit(java.lang.Object, java.lang.Object, java.lang.Object, int)'> (0x000000008634a4d8) 
thrown [t:\workspace\open\src\hotspot\share\interpreter\linkResolver.cpp, line 766]
Event: 5.375 Thread 0x000001aa9d896230 Exception <a 'java/lang/NoSuchMethodError'{0x0000000085f83d98}: 'java.lang.Object java.lang.invoke.DirectMethodHandle$Holder.invokeStaticInit(java.lang.Object, java.lang.Object, java.lang.Object)'> (0x0000000085f83d98) 
thrown [t:\workspace\open\src\hotspot\share\interpreter\linkResolver.cpp, line 766]
Event: 5.376 Thread 0x000001aa9d896230 Exception <a 'java/lang/NoSuchMethodError'{0x0000000085f92fe0}: 'java.lang.Object java.lang.invoke.DirectMethodHandle$Holder.invokeStatic(java.lang.Object, java.lang.Object, int, int)'> (0x0000000085f92fe0) 
thrown [t:\workspace\open\src\hotspot\share\interpreter\linkResolver.cpp, line 766]
Event: 5.376 Thread 0x000001aa9d896230 Exception <a 'java/lang/NoSuchMethodError'{0x0000000085f96a58}: 'java.lang.Object java.lang.invoke.DirectMethodHandle$Holder.invokeStaticInit(java.lang.Object, java.lang.Object, int, int)'> (0x0000000085f96a58) 
thrown [t:\workspace\open\src\hotspot\share\interpreter\linkResolver.cpp, line 766]
Event: 5.501 Thread 0x000001aa9d896230 Implicit null exception at 0x000001aaae40bdde to 0x000001aaae40c9d8
Event: 5.555 Thread 0x000001aa9d896230 Exception <a 'java/lang/NoSuchMethodError'{0x0000000085563880}: 'void java.lang.invoke.DirectMethodHandle$Holder.invokeVirtual(java.lang.Object, java.lang.Object)'> (0x0000000085563880) 
thrown [t:\workspace\open\src\hotspot\share\interpreter\linkResolver.cpp, line 766]
Event: 5.829 Thread 0x000001aa9d896230 Exception <a 'java/lang/NoSuchMethodError'{0x000000008a6b4e98}: 'java.lang.Object java.lang.invoke.DirectMethodHandle$Holder.invokeVirtual(java.lang.Object, java.lang.Object, int)'> (0x000000008a6b4e98) 
thrown [t:\workspace\open\src\hotspot\share\interpreter\linkResolver.cpp, line 766]
Event: 5.829 Thread 0x000001aa9d896230 Exception <a 'java/lang/NoSuchMethodError'{0x000000008a6c90f8}: 'void java.lang.invoke.DirectMethodHandle$Holder.invokeVirtual(java.lang.Object, java.lang.Object, int, java.lang.Object)'> (0x000000008a6c90f8) 
thrown [t:\workspace\open\src\hotspot\share\interpreter\linkResolver.cpp, line 766]
Event: 5.830 Thread 0x000001aa9d896230 Exception <a 'java/lang/NoSuchMethodError'{0x000000008a6d3a58}: 'void java.lang.invoke.DirectMethodHandle$Holder.invokeVirtual(java.lang.Object, java.lang.Object, int)'> (0x000000008a6d3a58) 
thrown [t:\workspace\open\src\hotspot\share\interpreter\linkResolver.cpp, line 766]
Event: 22.849 Thread 0x000001aa9d896230 Implicit null exception at 0x000001aaae51985d to 0x000001aaae519b04
Event: 22.996 Thread 0x000001aa9d896230 Implicit null exception at 0x000001aaae48eddd to 0x000001aaae48f080

VM Operations (20 events):
Event: 3792.265 Executing VM operation: ChangeBreakpoints
Event: 3792.266 Executing VM operation: ChangeBreakpoints done
Event: 3792.274 Executing VM operation: ChangeBreakpoints
Event: 3792.276 Executing VM operation: ChangeBreakpoints done
Event: 3792.285 Executing VM operation: ChangeBreakpoints
Event: 3792.286 Executing VM operation: ChangeBreakpoints done
Event: 3792.296 Executing VM operation: ChangeBreakpoints
Event: 3792.297 Executing VM operation: ChangeBreakpoints done
Event: 3792.308 Executing VM operation: ChangeBreakpoints
Event: 3792.310 Executing VM operation: ChangeBreakpoints done
Event: 3792.322 Executing VM operation: ChangeBreakpoints
Event: 3792.325 Executing VM operation: ChangeBreakpoints done
Event: 3792.334 Executing VM operation: ChangeBreakpoints
Event: 3792.336 Executing VM operation: ChangeBreakpoints done
Event: 3792.344 Executing VM operation: ChangeBreakpoints
Event: 3792.346 Executing VM operation: ChangeBreakpoints done
Event: 3792.355 Executing VM operation: ChangeBreakpoints
Event: 3792.357 Executing VM operation: ChangeBreakpoints done
Event: 3792.368 Executing VM operation: ChangeBreakpoints
Event: 3792.370 Executing VM operation: ChangeBreakpoints done

Events (20 events):
Event: 3413.289 Thread 0x000001aac13cd4d0 Thread exited: 0x000001aac13cd4d0
Event: 3413.336 Thread 0x000001aac13cd000 Thread exited: 0x000001aac13cd000
Event: 3413.351 Thread 0x000001aac13ccb30 Thread exited: 0x000001aac13ccb30
Event: 3462.030 Thread 0x000001aac13ce340 Thread added: 0x000001aac13ce340
Event: 3462.031 Thread 0x000001aac13ccb30 Thread added: 0x000001aac13ccb30
Event: 3462.045 Thread 0x000001aac13c9fe0 Thread added: 0x000001aac13c9fe0
Event: 3462.053 Thread 0x000001aac13cf680 Thread added: 0x000001aac13cf680
Event: 3522.231 Thread 0x000001aac13ccb30 Thread exited: 0x000001aac13ccb30
Event: 3522.233 Thread 0x000001aac13cf680 Thread exited: 0x000001aac13cf680
Event: 3522.247 Thread 0x000001aac13c9fe0 Thread exited: 0x000001aac13c9fe0
Event: 3522.247 Thread 0x000001aac13ce340 Thread exited: 0x000001aac13ce340
Event: 3529.858 Thread 0x000001aac13cd4d0 Thread added: 0x000001aac13cd4d0
Event: 3529.860 Thread 0x000001aac13ce810 Thread added: 0x000001aac13ce810
Event: 3529.860 Thread 0x000001aac13ccb30 Thread added: 0x000001aac13ccb30
Event: 3529.864 Thread 0x000001aac13cb320 Thread added: 0x000001aac13cb320
Event: 3712.625 Thread 0x000001aac13cd4d0 Thread exited: 0x000001aac13cd4d0
Event: 3712.701 Thread 0x000001aac13cb320 Thread exited: 0x000001aac13cb320
Event: 3712.713 Thread 0x000001aac13ccb30 Thread exited: 0x000001aac13ccb30
Event: 3712.713 Thread 0x000001aac13ce810 Thread exited: 0x000001aac13ce810
Event: 3796.145 Thread 0x000001aac304f010 Thread added: 0x000001aac304f010


Dynamic libraries:
0x00007ff774b60000 - 0x00007ff774b70000 	C:\Program Files\Java\jdk-17.0.2\bin\javaw.exe
0x00007ffa18890000 - 0x00007ffa18aa7000 	C:\WINDOWS\SYSTEM32\ntdll.dll
0x00007ffa166b0000 - 0x00007ffa16774000 	C:\WINDOWS\System32\KERNEL32.DLL
0x00007ffa15ee0000 - 0x00007ffa16286000 	C:\WINDOWS\System32\KERNELBASE.dll
0x00007ffa164c0000 - 0x00007ffa165d1000 	C:\WINDOWS\System32\ucrtbase.dll
0x00007ff9e2c40000 - 0x00007ff9e2c58000 	C:\Program Files\Java\jdk-17.0.2\bin\jli.dll
0x00007ff9e2c20000 - 0x00007ff9e2c3a000 	C:\Program Files\Java\jdk-17.0.2\bin\VCRUNTIME140.dll
0x00007ffa17260000 - 0x00007ffa17313000 	C:\WINDOWS\System32\ADVAPI32.dll
0x00007ffa16d00000 - 0x00007ffa16da7000 	C:\WINDOWS\System32\msvcrt.dll
0x00007ffa16c50000 - 0x00007ffa16cf8000 	C:\WINDOWS\System32\sechost.dll
0x00007ffa163d0000 - 0x00007ffa163f8000 	C:\WINDOWS\System32\bcrypt.dll
0x00007ffa178a0000 - 0x00007ffa179b7000 	C:\WINDOWS\System32\RPCRT4.dll
0x00007ffa18550000 - 0x00007ffa186fe000 	C:\WINDOWS\System32\USER32.dll
0x00007ff9ff090000 - 0x00007ff9ff323000 	C:\WINDOWS\WinSxS\amd64_microsoft.windows.common-controls_6595b64144ccf1df_6.0.22621.2506_none_270c5ae97388e100\COMCTL32.dll
0x00007ffa16330000 - 0x00007ffa16356000 	C:\WINDOWS\System32\win32u.dll
0x00007ffa18500000 - 0x00007ffa18529000 	C:\WINDOWS\System32\GDI32.dll
0x00007ffa15d40000 - 0x00007ffa15e58000 	C:\WINDOWS\System32\gdi32full.dll
0x00007ffa07880000 - 0x00007ffa0788a000 	C:\WINDOWS\SYSTEM32\VERSION.dll
0x00007ffa16290000 - 0x00007ffa1632a000 	C:\WINDOWS\System32\msvcp_win.dll
0x00007ffa17750000 - 0x00007ffa17781000 	C:\WINDOWS\System32\IMM32.DLL
0x00007ff9e2c10000 - 0x00007ff9e2c1c000 	C:\Program Files\Java\jdk-17.0.2\bin\vcruntime140_1.dll
0x00007ff9e1410000 - 0x00007ff9e149d000 	C:\Program Files\Java\jdk-17.0.2\bin\msvcp140.dll
0x00007ff9e0840000 - 0x00007ff9e1401000 	C:\Program Files\Java\jdk-17.0.2\bin\server\jvm.dll
0x00007ffa169a0000 - 0x00007ffa169a8000 	C:\WINDOWS\System32\PSAPI.DLL
0x00007ffa0df40000 - 0x00007ffa0df74000 	C:\WINDOWS\SYSTEM32\WINMM.dll
0x00007ff9f3140000 - 0x00007ff9f3149000 	C:\WINDOWS\SYSTEM32\WSOCK32.dll
0x00007ffa16780000 - 0x00007ffa167f1000 	C:\WINDOWS\System32\WS2_32.dll
0x00007ffa14b10000 - 0x00007ffa14b28000 	C:\WINDOWS\SYSTEM32\kernel.appcore.dll
0x00007ff9e3270000 - 0x00007ff9e327a000 	C:\Program Files\Java\jdk-17.0.2\bin\jimage.dll
0x00007ffa12be0000 - 0x00007ffa12e13000 	C:\WINDOWS\SYSTEM32\DBGHELP.DLL
0x00007ffa173c0000 - 0x00007ffa17749000 	C:\WINDOWS\System32\combase.dll
0x00007ffa16b70000 - 0x00007ffa16c47000 	C:\WINDOWS\System32\OLEAUT32.dll
0x00007ffa0df00000 - 0x00007ffa0df32000 	C:\WINDOWS\SYSTEM32\dbgcore.DLL
0x00007ffa15e60000 - 0x00007ffa15eda000 	C:\WINDOWS\System32\bcryptPrimitives.dll
0x00007ff9faad0000 - 0x00007ff9fab0b000 	C:\Program Files\Java\jdk-17.0.2\bin\jdwp.dll
0x00007ff9e3240000 - 0x00007ff9e3265000 	C:\Program Files\Java\jdk-17.0.2\bin\java.dll
0x00007ff9e03d0000 - 0x00007ff9e04a6000 	C:\Program Files\Java\jdk-17.0.2\bin\jsvml.dll
0x00007ffa17a40000 - 0x00007ffa1829a000 	C:\WINDOWS\System32\SHELL32.dll
0x00007ffa136f0000 - 0x00007ffa13fe6000 	C:\WINDOWS\SYSTEM32\windows.storage.dll
0x00007ffa14010000 - 0x00007ffa1414e000 	C:\WINDOWS\SYSTEM32\wintypes.dll
0x00007ffa18400000 - 0x00007ffa184f3000 	C:\WINDOWS\System32\SHCORE.dll
0x00007ffa182a0000 - 0x00007ffa182fe000 	C:\WINDOWS\System32\shlwapi.dll
0x00007ffa15b00000 - 0x00007ffa15b26000 	C:\WINDOWS\SYSTEM32\profapi.dll
0x00007ffa11d90000 - 0x00007ffa11d9c000 	C:\Program Files\Java\jdk-17.0.2\bin\dt_socket.dll
0x00007ffa143a0000 - 0x00007ffa143cd000 	C:\WINDOWS\SYSTEM32\IPHLPAPI.DLL
0x00007ffa150d0000 - 0x00007ffa15139000 	C:\WINDOWS\system32\mswsock.dll
0x00007ffa143d0000 - 0x00007ffa144c9000 	C:\WINDOWS\SYSTEM32\DNSAPI.dll
0x00007ffa17890000 - 0x00007ffa17899000 	C:\WINDOWS\System32\NSI.dll
0x00007ffa09ad0000 - 0x00007ffa09ada000 	C:\Windows\System32\rasadhlp.dll
0x00007ffa0a650000 - 0x00007ffa0a6d3000 	C:\WINDOWS\System32\fwpuclnt.dll
0x00007ff9df780000 - 0x00007ff9df799000 	C:\Program Files\Java\jdk-17.0.2\bin\net.dll
0x00007ffa14b30000 - 0x00007ffa14c67000 	C:\WINDOWS\SYSTEM32\WINHTTP.dll
0x00007ff9df760000 - 0x00007ff9df776000 	C:\Program Files\Java\jdk-17.0.2\bin\nio.dll
0x00007ff9df740000 - 0x00007ff9df758000 	C:\Program Files\Java\jdk-17.0.2\bin\zip.dll
0x00007ffa15320000 - 0x00007ffa1533b000 	C:\WINDOWS\SYSTEM32\CRYPTSP.dll
0x00007ffa14a70000 - 0x00007ffa14aa5000 	C:\WINDOWS\system32\rsaenh.dll
0x00007ffa151c0000 - 0x00007ffa151ec000 	C:\WINDOWS\SYSTEM32\USERENV.dll
0x00007ffa15340000 - 0x00007ffa1534c000 	C:\WINDOWS\SYSTEM32\CRYPTBASE.dll
0x00007ffa0bc70000 - 0x00007ffa0bc89000 	C:\WINDOWS\SYSTEM32\dhcpcsvc6.DLL
0x00007ffa0b9e0000 - 0x00007ffa0b9ff000 	C:\WINDOWS\SYSTEM32\dhcpcsvc.DLL
0x00007ff9d2950000 - 0x00007ff9d295e000 	C:\Program Files\Java\jdk-17.0.2\bin\sunmscapi.dll
0x00007ffa15bd0000 - 0x00007ffa15d36000 	C:\WINDOWS\System32\CRYPT32.dll
0x00007ffa15410000 - 0x00007ffa1543e000 	C:\WINDOWS\SYSTEM32\ncrypt.dll
0x00007ffa153d0000 - 0x00007ffa15407000 	C:\WINDOWS\SYSTEM32\NTASN1.dll
0x00007ff9cbb70000 - 0x00007ff9cbb78000 	C:\WINDOWS\system32\wshunix.dll
0x00007ff9d3180000 - 0x00007ff9d3190000 	C:\Program Files\Java\jdk-17.0.2\bin\verify.dll
0x00007ff9ca210000 - 0x00007ff9ca219000 	C:\Program Files\Java\jdk-17.0.2\bin\management.dll
0x00007ff9ca170000 - 0x00007ff9ca17b000 	C:\Program Files\Java\jdk-17.0.2\bin\management_ext.dll
0x00007ff9df6a0000 - 0x00007ff9df6b7000 	C:\WINDOWS\system32\napinsp.dll
0x00007ff9df680000 - 0x00007ff9df69b000 	C:\WINDOWS\system32\pnrpnsp.dll
0x00007ff9d7e30000 - 0x00007ff9d7e41000 	C:\WINDOWS\System32\winrnr.dll
0x00007ff9dd820000 - 0x00007ff9dd835000 	C:\WINDOWS\system32\wshbth.dll
0x00007ff9cc390000 - 0x00007ff9cc3b1000 	C:\WINDOWS\system32\nlansp_c.dll

dbghelp: loaded successfully - version: 4.0.5 - missing functions: none
symbol engine: initialized successfully - sym options: 0x614 - pdb path: .;C:\Program Files\Java\jdk-17.0.2\bin;C:\WINDOWS\SYSTEM32;C:\WINDOWS\WinSxS\amd64_microsoft.windows.common-controls_6595b64144ccf1df_6.0.22621.2506_none_270c5ae97388e100;C:\Program Files\Java\jdk-17.0.2\bin\server

VM Arguments:
jvm_args: -XX:+ShowCodeDetailsInExceptionMessages -agentlib:jdwp=transport=dt_socket,suspend=y,address=localhost:55674 -ea -Dfile.encoding=Cp1252 
java_command: org.testng.remote.RemoteTestNG -serport 55673 -protocol json -d D:\AutomationTestingWorkspace\sko-qa-automation\test-output D:\AutomationTestingWorkspace\sko-qa-automation\TestNG.xml
java_class_path (initial): C:\Users\Hemamalini\eclipse\java-2021-12\eclipse\configuration\org.eclipse.osgi\430\0\.cp\lib\testng-remote.jar;D:\AutomationTestingWorkspace\sko-qa-automation\target\test-classes;D:\AutomationTestingWorkspace\sko-qa-automation\target\classes;C:\Users\Hemamalini\.p2\pool\plugins\org.testng_7.4.0.r202105021533.jar;C:\Users\Hemamalini\.p2\pool\plugins\com.beust.jcommander_1.78.0.jar;C:\Users\Hemamalini\.p2\pool\plugins\org.apache-extras.beanshell.bsh_2.0.0.b6.jar;C:\Users\Hemamalini\.p2\pool\plugins\org.yaml.snakeyaml_1.21.0.jar;C:\Users\Hemamalini\.p2\pool\plugins\org.webjars.jquery_3.5.1.jar;C:\Users\Hemamalini\.p2\pool\plugins\org.junit.jupiter.api_5.8.1.v20211018-1956.jar;C:\Users\Hemamalini\.p2\pool\plugins\org.junit.jupiter.engine_5.8.1.v20211018-1956.jar;C:\Users\Hemamalini\.p2\pool\plugins\org.junit.jupiter.migrationsupport_5.8.1.v20211018-1956.jar;C:\Users\Hemamalini\.p2\pool\plugins\org.junit.jupiter.params_5.8.1.v20211018-1956.jar;C:\Users\Hemamalini\.p2\pool\plugins\org.junit.platform.commons_1.8.1.v20211018-1956.jar;C:\Users\Hemamalini\.p2\pool\plugins\org.junit.platform.engine_1.8.1.v20211018-1956.jar;C:\Users\Hemamalini\.p2\pool\plugins\org.junit.platform.launcher_1.8.1.v20211018-1956.jar;C:\Users\Hemamalini\.p2\pool\plugins\org.junit.platform.runner_1.8.1.v20211018-1956.jar;C:\Users\Hemamalini\.p2\pool\plugins\org.junit.platform.suite.api_1.8.1.v20211018-1956.jar;C:\Users\Hemamalini\.p2\pool\plugins\org.junit.platform.suite.engine_1.8.1.v20211028-1957.jar;C:\Users\Hemamalini\.p2\pool\plugins\org.junit.platform.suite.commons_1.8.1.v20211018-1956.jar;C:\Users\Hemamalini\.p2\pool\plugins\org.junit.vintage.engine_5.8.1.v20211018-1956.jar;C:\Users\Hemamalini\.p2\pool\plugins\org.opentest4j_1.2.0.v20211018-1956.jar;C:\Users\Hemamalini\.p2\pool\plugins\org.apiguardian_1.1.2.v20211018-1956.jar;C:\Users\Hemamalini\.p2\pool\plugins\org.junit_4.13.2.v20211018-1956.jar;C:\Users\Hemamalini\.p2\pool\plugins\org.hamcrest.core_1.3.0.v20180
Launcher Type: SUN_STANDARD

[Global flags]
     intx CICompilerCount                          = 4                                         {product} {ergonomic}
     uint ConcGCThreads                            = 2                                         {product} {ergonomic}
     uint G1ConcRefinementThreads                  = 8                                         {product} {ergonomic}
   size_t G1HeapRegionSize                         = 1048576                                   {product} {ergonomic}
    uintx GCDrainStackTargetSize                   = 64                                        {product} {ergonomic}
   size_t InitialHeapSize                          = 130023424                                 {product} {ergonomic}
   size_t MarkStackSize                            = 4194304                                   {product} {ergonomic}
   size_t MaxHeapSize                              = 2078277632                                {product} {ergonomic}
   size_t MaxNewSize                               = 1246756864                                {product} {ergonomic}
   size_t MinHeapDeltaBytes                        = 1048576                                   {product} {ergonomic}
   size_t MinHeapSize                              = 8388608                                   {product} {ergonomic}
    uintx NonNMethodCodeHeapSize                   = 5839372                                {pd product} {ergonomic}
    uintx NonProfiledCodeHeapSize                  = 122909434                              {pd product} {ergonomic}
    uintx ProfiledCodeHeapSize                     = 122909434                              {pd product} {ergonomic}
    uintx ReservedCodeCacheSize                    = 251658240                              {pd product} {ergonomic}
     bool SegmentedCodeCache                       = true                                      {product} {ergonomic}
     bool ShowCodeDetailsInExceptionMessages       = true                                   {manageable} {command line}
   size_t SoftMaxHeapSize                          = 2078277632                             {manageable} {ergonomic}
     bool UseCompressedClassPointers               = true                           {product lp64_product} {ergonomic}
     bool UseCompressedOops                        = true                           {product lp64_product} {ergonomic}
     bool UseG1GC                                  = true                                      {product} {ergonomic}
     bool UseLargePagesIndividualAllocation        = false                                  {pd product} {ergonomic}

Logging:
Log output configuration:
 #0: stdout all=warning uptime,level,tags
 #1: stderr all=off uptime,level,tags

Environment Variables:
PATH=C:\Users\Hemamalini\AppData\Local\Programs\Python\Python311-32;C:\Program Files\Java\jdk-17.0.2\bin;C:\Program Files\Git\bin\git.exe;C:\Program Files\Git\cmd;;C:\Users\Hemamalini\AppData\Local\Programs\Microsoft VS Code\bin
USERNAME=Hemamalini
OS=Windows_NT
PROCESSOR_IDENTIFIER=Intel64 Family 6 Model 140 Stepping 1, GenuineIntel



---------------  S Y S T E M  ---------------

OS:
 Windows 11 , 64 bit Build 22621 (10.0.22621.2506)
OS uptime: 9 days 13:02 hours

CPU: total 8 (initial active 8) (4 cores per cpu, 2 threads per core) family 6 model 140 stepping 1 microcode 0xb4, cx8, cmov, fxsr, ht, mmx, 3dnowpref, sse, sse2, sse3, ssse3, sse4.1, sse4.2, popcnt, lzcnt, tsc, tscinvbit, avx, avx2, aes, erms, clmul, bmi1, bmi2, adx, avx512f, avx512dq, avx512cd, avx512bw, avx512vl, sha, fma, vzeroupper, avx512_vpopcntdq, avx512_vpclmulqdq, avx512_vaes, avx512_vnni, clflush, clflushopt, clwb, avx512_vbmi2, avx512_vbmi

Memory: 4k page, system-wide physical 7926M (1023M free)
TotalPageFile size 23792M (AvailPageFile size 9831M)
current process WorkingSet (physical memory assigned to process): 154M, peak: 230M
current process commit charge ("private bytes"): 261M, peak: 298M

vm_info: Java HotSpot(TM) 64-Bit Server VM (17.0.2+8-LTS-86) for windows-amd64 JRE (17.0.2+8-LTS-86), built on Dec  7 2021 21:51:03 by "mach5one" with MS VC++ 16.8 / 16.9 (VS2019)

END.
